INFO 2021-08-19 16:06:15,778 autoreload 637 Watching for file changes with StatReloader
INFO 2021-08-19 16:06:28,910 basehttp 161 "GET / HTTP/1.1" 200 10697
INFO 2021-08-19 16:06:28,995 basehttp 161 "GET /static/admin/css/fonts.css HTTP/1.1" 304 0
INFO 2021-08-19 16:06:29,123 basehttp 161 "GET /static/admin/fonts/Roboto-Bold-webfont.woff HTTP/1.1" 304 0
INFO 2021-08-19 16:06:29,125 basehttp 161 "GET /static/admin/fonts/Roboto-Regular-webfont.woff HTTP/1.1" 304 0
INFO 2021-08-19 16:06:29,130 basehttp 161 "GET /static/admin/fonts/Roboto-Light-webfont.woff HTTP/1.1" 304 0
INFO 2021-08-19 16:16:48,570 autoreload 637 Watching for file changes with StatReloader
INFO 2021-08-19 16:19:25,666 autoreload 251 D:\meiduo_mall\meiduo_mall\settings\dev.py changed, reloading.
INFO 2021-08-19 16:19:27,060 autoreload 637 Watching for file changes with StatReloader
INFO 2021-08-19 16:31:16,911 autoreload 637 Watching for file changes with StatReloader
INFO 2021-08-19 16:44:19,807 autoreload 637 Watching for file changes with StatReloader
INFO 2021-08-19 16:50:13,020 autoreload 637 Watching for file changes with StatReloader
INFO 2021-08-20 11:47:11,090 autoreload 637 Watching for file changes with StatReloader
INFO 2021-08-20 11:49:23,828 autoreload 637 Watching for file changes with StatReloader
INFO 2021-08-20 11:50:31,655 autoreload 251 D:\meiduo_mall\meiduo_mall\apps\users\apps.py changed, reloading.
INFO 2021-08-20 11:50:32,905 autoreload 637 Watching for file changes with StatReloader
INFO 2021-08-20 11:55:07,571 autoreload 637 Watching for file changes with StatReloader
INFO 2021-08-20 11:55:32,562 autoreload 251 D:\meiduo_mall\meiduo_mall\settings\dev.py changed, reloading.
INFO 2021-08-20 11:55:33,654 autoreload 637 Watching for file changes with StatReloader
INFO 2021-08-20 11:58:24,827 autoreload 637 Watching for file changes with StatReloader
INFO 2021-08-20 11:58:47,521 autoreload 637 Watching for file changes with StatReloader
INFO 2021-08-20 12:01:11,453 autoreload 251 D:\meiduo_mall\meiduo_mall\apps\users\apps.py changed, reloading.
INFO 2021-08-20 12:01:13,245 autoreload 637 Watching for file changes with StatReloader
INFO 2021-08-20 12:01:16,536 autoreload 637 Watching for file changes with StatReloader
INFO 2021-08-20 12:01:59,006 autoreload 637 Watching for file changes with StatReloader
INFO 2021-08-20 12:04:03,555 autoreload 637 Watching for file changes with StatReloader
INFO 2021-08-20 12:04:22,760 autoreload 251 D:\meiduo_mall\meiduo_mall\apps\users\apps.py changed, reloading.
INFO 2021-08-20 12:04:23,943 autoreload 637 Watching for file changes with StatReloader
INFO 2021-08-20 13:41:55,286 autoreload 637 Watching for file changes with StatReloader
INFO 2021-08-20 13:42:33,525 autoreload 251 D:\meiduo_mall\meiduo_mall\apps\users\apps.py changed, reloading.
INFO 2021-08-20 13:42:34,843 autoreload 637 Watching for file changes with StatReloader
INFO 2021-08-20 14:01:46,701 autoreload 637 Watching for file changes with StatReloader
INFO 2021-08-20 14:02:45,255 autoreload 637 Watching for file changes with StatReloader
INFO 2021-08-20 14:04:03,966 autoreload 637 Watching for file changes with StatReloader
INFO 2021-08-20 14:04:46,205 autoreload 637 Watching for file changes with StatReloader
INFO 2021-08-20 14:05:23,364 autoreload 637 Watching for file changes with StatReloader
INFO 2021-08-20 14:20:58,702 autoreload 637 Watching for file changes with StatReloader
INFO 2021-08-20 14:26:06,069 autoreload 637 Watching for file changes with StatReloader
INFO 2021-08-20 14:32:59,342 autoreload 251 D:\meiduo_mall\meiduo_mall\urls.py changed, reloading.
INFO 2021-08-20 14:33:00,893 autoreload 637 Watching for file changes with StatReloader
INFO 2021-08-20 14:33:17,784 autoreload 637 Watching for file changes with StatReloader
INFO 2021-08-20 14:34:13,873 autoreload 637 Watching for file changes with StatReloader
INFO 2021-08-20 14:36:01,923 autoreload 637 Watching for file changes with StatReloader
INFO 2021-08-20 14:43:34,832 autoreload 637 Watching for file changes with StatReloader
INFO 2021-08-20 14:44:15,977 autoreload 637 Watching for file changes with StatReloader
INFO 2021-08-20 14:50:40,749 autoreload 637 Watching for file changes with StatReloader
WARNING 2021-08-20 14:50:48,412 log 224 Not Found: /
WARNING 2021-08-20 14:50:48,413 basehttp 161 "GET / HTTP/1.1" 404 2173
WARNING 2021-08-20 14:51:02,434 log 224 Not Found: /register
WARNING 2021-08-20 14:51:02,435 basehttp 161 "GET /register HTTP/1.1" 404 2215
INFO 2021-08-20 14:54:57,422 autoreload 251 D:\meiduo_mall\meiduo_mall\apps\users\urls.py changed, reloading.
INFO 2021-08-20 14:54:58,911 autoreload 637 Watching for file changes with StatReloader
INFO 2021-08-20 14:57:40,332 autoreload 637 Watching for file changes with StatReloader
WARNING 2021-08-20 14:57:43,487 log 224 Not Found: /
WARNING 2021-08-20 14:57:43,489 basehttp 161 "GET / HTTP/1.1" 404 2239
INFO 2021-08-20 14:58:05,242 basehttp 161 "GET /register HTTP/1.1" 301 0
ERROR 2021-08-20 14:58:05,345 log 224 Internal Server Error: /register/
Traceback (most recent call last):
  File "D:\meiduo_mall\venv\lib\site-packages\django\core\handlers\exception.py", line 47, in inner
    response = get_response(request)
  File "D:\meiduo_mall\venv\lib\site-packages\django\core\handlers\base.py", line 181, in _get_response
    response = wrapped_callback(request, *callback_args, **callback_kwargs)
  File "D:\meiduo_mall\venv\lib\site-packages\django\views\generic\base.py", line 70, in view
    return self.dispatch(request, *args, **kwargs)
  File "D:\meiduo_mall\venv\lib\site-packages\django\views\generic\base.py", line 98, in dispatch
    return handler(request, *args, **kwargs)
  File "D:\meiduo_mall\meiduo_mall\apps\users\views.py", line 15, in get
    return render(request, 'register.html')
  File "D:\meiduo_mall\venv\lib\site-packages\django\shortcuts.py", line 19, in render
    content = loader.render_to_string(template_name, context, request, using=using)
  File "D:\meiduo_mall\venv\lib\site-packages\django\template\loader.py", line 61, in render_to_string
    template = get_template(template_name, using=using)
  File "D:\meiduo_mall\venv\lib\site-packages\django\template\loader.py", line 19, in get_template
    raise TemplateDoesNotExist(template_name, chain=chain)
django.template.exceptions.TemplateDoesNotExist: register.html
ERROR 2021-08-20 14:58:05,349 basehttp 161 "GET /register/ HTTP/1.1" 500 94213
ERROR 2021-08-20 14:59:02,800 log 224 Internal Server Error: /register/
Traceback (most recent call last):
  File "D:\meiduo_mall\venv\lib\site-packages\django\core\handlers\exception.py", line 47, in inner
    response = get_response(request)
  File "D:\meiduo_mall\venv\lib\site-packages\django\core\handlers\base.py", line 181, in _get_response
    response = wrapped_callback(request, *callback_args, **callback_kwargs)
  File "D:\meiduo_mall\venv\lib\site-packages\django\views\generic\base.py", line 70, in view
    return self.dispatch(request, *args, **kwargs)
  File "D:\meiduo_mall\venv\lib\site-packages\django\views\generic\base.py", line 98, in dispatch
    return handler(request, *args, **kwargs)
  File "D:\meiduo_mall\meiduo_mall\apps\users\views.py", line 15, in get
    return render(request, 'register.html')
  File "D:\meiduo_mall\venv\lib\site-packages\django\shortcuts.py", line 19, in render
    content = loader.render_to_string(template_name, context, request, using=using)
  File "D:\meiduo_mall\venv\lib\site-packages\django\template\loader.py", line 61, in render_to_string
    template = get_template(template_name, using=using)
  File "D:\meiduo_mall\venv\lib\site-packages\django\template\loader.py", line 19, in get_template
    raise TemplateDoesNotExist(template_name, chain=chain)
django.template.exceptions.TemplateDoesNotExist: register.html
ERROR 2021-08-20 14:59:02,802 basehttp 161 "GET /register/ HTTP/1.1" 500 94350
ERROR 2021-08-20 14:59:16,384 log 224 Internal Server Error: /register/
Traceback (most recent call last):
  File "D:\meiduo_mall\venv\lib\site-packages\django\core\handlers\exception.py", line 47, in inner
    response = get_response(request)
  File "D:\meiduo_mall\venv\lib\site-packages\django\core\handlers\base.py", line 181, in _get_response
    response = wrapped_callback(request, *callback_args, **callback_kwargs)
  File "D:\meiduo_mall\venv\lib\site-packages\django\views\generic\base.py", line 70, in view
    return self.dispatch(request, *args, **kwargs)
  File "D:\meiduo_mall\venv\lib\site-packages\django\views\generic\base.py", line 98, in dispatch
    return handler(request, *args, **kwargs)
  File "D:\meiduo_mall\meiduo_mall\apps\users\views.py", line 15, in get
    return render(request, 'register.html')
  File "D:\meiduo_mall\venv\lib\site-packages\django\shortcuts.py", line 19, in render
    content = loader.render_to_string(template_name, context, request, using=using)
  File "D:\meiduo_mall\venv\lib\site-packages\django\template\loader.py", line 61, in render_to_string
    template = get_template(template_name, using=using)
  File "D:\meiduo_mall\venv\lib\site-packages\django\template\loader.py", line 19, in get_template
    raise TemplateDoesNotExist(template_name, chain=chain)
django.template.exceptions.TemplateDoesNotExist: register.html
ERROR 2021-08-20 14:59:16,386 basehttp 161 "GET /register/ HTTP/1.1" 500 94350
INFO 2021-08-20 15:11:59,456 autoreload 637 Watching for file changes with StatReloader
WARNING 2021-08-20 15:12:02,181 log 224 Not Found: /
WARNING 2021-08-20 15:12:02,182 basehttp 161 "GET / HTTP/1.1" 404 2239
ERROR 2021-08-20 15:12:08,371 log 224 Internal Server Error: /register/
Traceback (most recent call last):
  File "D:\meiduo_mall\venv\lib\site-packages\django\core\handlers\exception.py", line 47, in inner
    response = get_response(request)
  File "D:\meiduo_mall\venv\lib\site-packages\django\core\handlers\base.py", line 181, in _get_response
    response = wrapped_callback(request, *callback_args, **callback_kwargs)
  File "D:\meiduo_mall\venv\lib\site-packages\django\views\generic\base.py", line 70, in view
    return self.dispatch(request, *args, **kwargs)
  File "D:\meiduo_mall\venv\lib\site-packages\django\views\generic\base.py", line 98, in dispatch
    return handler(request, *args, **kwargs)
  File "D:\meiduo_mall\meiduo_mall\apps\users\views.py", line 15, in get
    return render(request, 'register.html')
  File "D:\meiduo_mall\venv\lib\site-packages\django\shortcuts.py", line 19, in render
    content = loader.render_to_string(template_name, context, request, using=using)
  File "D:\meiduo_mall\venv\lib\site-packages\django\template\loader.py", line 61, in render_to_string
    template = get_template(template_name, using=using)
  File "D:\meiduo_mall\venv\lib\site-packages\django\template\loader.py", line 19, in get_template
    raise TemplateDoesNotExist(template_name, chain=chain)
django.template.exceptions.TemplateDoesNotExist: register.html
ERROR 2021-08-20 15:12:08,374 basehttp 161 "GET /register/ HTTP/1.1" 500 94213
INFO 2021-08-21 09:26:24,669 autoreload 637 Watching for file changes with StatReloader
WARNING 2021-08-21 09:26:29,388 log 224 Not Found: /
WARNING 2021-08-21 09:26:29,389 basehttp 161 "GET / HTTP/1.1" 404 2239
WARNING 2021-08-21 09:26:29,563 log 224 Not Found: /favicon.ico
WARNING 2021-08-21 09:26:29,564 basehttp 161 "GET /favicon.ico HTTP/1.1" 404 2290
ERROR 2021-08-21 09:26:40,117 log 224 Internal Server Error: /register/
Traceback (most recent call last):
  File "D:\meiduo_mall\venv\lib\site-packages\django\core\handlers\exception.py", line 47, in inner
    response = get_response(request)
  File "D:\meiduo_mall\venv\lib\site-packages\django\core\handlers\base.py", line 181, in _get_response
    response = wrapped_callback(request, *callback_args, **callback_kwargs)
  File "D:\meiduo_mall\venv\lib\site-packages\django\views\generic\base.py", line 70, in view
    return self.dispatch(request, *args, **kwargs)
  File "D:\meiduo_mall\venv\lib\site-packages\django\views\generic\base.py", line 98, in dispatch
    return handler(request, *args, **kwargs)
  File "D:\meiduo_mall\meiduo_mall\apps\users\views.py", line 15, in get
    return render(request, 'register.html')
  File "D:\meiduo_mall\venv\lib\site-packages\django\shortcuts.py", line 19, in render
    content = loader.render_to_string(template_name, context, request, using=using)
  File "D:\meiduo_mall\venv\lib\site-packages\django\template\loader.py", line 61, in render_to_string
    template = get_template(template_name, using=using)
  File "D:\meiduo_mall\venv\lib\site-packages\django\template\loader.py", line 19, in get_template
    raise TemplateDoesNotExist(template_name, chain=chain)
django.template.exceptions.TemplateDoesNotExist: register.html
ERROR 2021-08-21 09:26:40,122 basehttp 161 "GET /register/ HTTP/1.1" 500 94320
INFO 2021-08-21 09:35:31,242 autoreload 637 Watching for file changes with StatReloader
INFO 2021-08-21 09:36:35,497 autoreload 637 Watching for file changes with StatReloader
INFO 2021-08-21 09:45:28,168 autoreload 637 Watching for file changes with StatReloader
INFO 2021-08-21 09:45:45,566 autoreload 637 Watching for file changes with StatReloader
INFO 2021-08-21 09:47:00,779 autoreload 637 Watching for file changes with StatReloader
INFO 2021-08-21 09:47:12,982 autoreload 637 Watching for file changes with StatReloader
INFO 2021-08-21 09:49:01,364 autoreload 637 Watching for file changes with StatReloader
WARNING 2021-08-21 09:49:04,283 log 224 Not Found: /
WARNING 2021-08-21 09:49:04,284 basehttp 161 "GET / HTTP/1.1" 404 2239
ERROR 2021-08-21 09:49:12,950 log 224 Internal Server Error: /register/
Traceback (most recent call last):
  File "D:\meiduo_mall\venv\lib\site-packages\django\core\handlers\exception.py", line 47, in inner
    response = get_response(request)
  File "D:\meiduo_mall\venv\lib\site-packages\django\core\handlers\base.py", line 181, in _get_response
    response = wrapped_callback(request, *callback_args, **callback_kwargs)
  File "D:\meiduo_mall\venv\lib\site-packages\django\views\generic\base.py", line 70, in view
    return self.dispatch(request, *args, **kwargs)
  File "D:\meiduo_mall\venv\lib\site-packages\django\views\generic\base.py", line 98, in dispatch
    return handler(request, *args, **kwargs)
  File "D:\meiduo_mall\meiduo_mall\apps\users\views.py", line 15, in get
    return render(request, 'register.html')
  File "D:\meiduo_mall\venv\lib\site-packages\django\shortcuts.py", line 19, in render
    content = loader.render_to_string(template_name, context, request, using=using)
  File "D:\meiduo_mall\venv\lib\site-packages\django\template\loader.py", line 61, in render_to_string
    template = get_template(template_name, using=using)
  File "D:\meiduo_mall\venv\lib\site-packages\django\template\loader.py", line 19, in get_template
    raise TemplateDoesNotExist(template_name, chain=chain)
django.template.exceptions.TemplateDoesNotExist: register.html
ERROR 2021-08-21 09:49:12,953 basehttp 161 "GET /register/ HTTP/1.1" 500 94256
INFO 2021-08-21 09:50:07,761 autoreload 637 Watching for file changes with StatReloader
INFO 2021-08-21 09:54:02,004 autoreload 637 Watching for file changes with StatReloader
WARNING 2021-08-21 09:54:04,340 log 224 Not Found: /
WARNING 2021-08-21 09:54:04,342 basehttp 161 "GET / HTTP/1.1" 404 2239
ERROR 2021-08-21 09:54:14,928 log 224 Internal Server Error: /register/
Traceback (most recent call last):
  File "D:\meiduo_mall\venv\lib\site-packages\django\core\handlers\exception.py", line 47, in inner
    response = get_response(request)
  File "D:\meiduo_mall\venv\lib\site-packages\django\core\handlers\base.py", line 181, in _get_response
    response = wrapped_callback(request, *callback_args, **callback_kwargs)
  File "D:\meiduo_mall\venv\lib\site-packages\django\views\generic\base.py", line 70, in view
    return self.dispatch(request, *args, **kwargs)
  File "D:\meiduo_mall\venv\lib\site-packages\django\views\generic\base.py", line 98, in dispatch
    return handler(request, *args, **kwargs)
  File "D:\meiduo_mall\meiduo_mall\apps\users\views.py", line 15, in get
    return render(request, 'register.html')
  File "D:\meiduo_mall\venv\lib\site-packages\django\shortcuts.py", line 19, in render
    content = loader.render_to_string(template_name, context, request, using=using)
  File "D:\meiduo_mall\venv\lib\site-packages\django\template\loader.py", line 61, in render_to_string
    template = get_template(template_name, using=using)
  File "D:\meiduo_mall\venv\lib\site-packages\django\template\loader.py", line 19, in get_template
    raise TemplateDoesNotExist(template_name, chain=chain)
django.template.exceptions.TemplateDoesNotExist: register.html
ERROR 2021-08-21 09:54:14,932 basehttp 161 "GET /register/ HTTP/1.1" 500 94321
INFO 2021-08-21 09:55:14,279 autoreload 637 Watching for file changes with StatReloader
WARNING 2021-08-21 09:55:16,317 log 224 Not Found: /
WARNING 2021-08-21 09:55:16,318 basehttp 161 "GET / HTTP/1.1" 404 2239
INFO 2021-08-21 09:55:28,767 basehttp 161 "GET /register/ HTTP/1.1" 200 3694
INFO 2021-08-21 09:55:31,118 basehttp 161 "GET /static/css/reset.css HTTP/1.1" 200 638
INFO 2021-08-21 09:55:31,121 basehttp 161 "GET /static/js/axios-0.18.0.min.js HTTP/1.1" 200 12941
INFO 2021-08-21 09:55:31,129 basehttp 161 "GET /static/css/main.css HTTP/1.1" 200 40091
WARNING 2021-08-21 09:55:31,142 basehttp 161 "GET /static/js/register.js HTTP/1.1" 404 1801
INFO 2021-08-21 09:55:31,152 basehttp 161 "GET /static/images/logo.png HTTP/1.1" 200 7450
INFO 2021-08-21 09:55:31,162 basehttp 161 "GET /static/images/pic_code.jpg HTTP/1.1" 200 4507
INFO 2021-08-21 09:55:31,203 basehttp 161 "GET /static/js/vue-2.5.16.js HTTP/1.1" 200 289307
INFO 2021-08-21 09:55:31,235 basehttp 161 "GET /static/images/interval_line.png HTTP/1.1" 200 1123
INFO 2021-08-21 09:55:31,236 basehttp 161 "GET /static/images/icons02.png HTTP/1.1" 200 3935
INFO 2021-08-21 09:55:31,237 basehttp 161 "GET /static/images/register_banner.png HTTP/1.1" 200 54894
WARNING 2021-08-21 09:55:31,260 basehttp 161 "GET /static/js/register.js HTTP/1.1" 404 1801
WARNING 2021-08-21 09:56:32,014 log 224 Not Found: /register/login.html
WARNING 2021-08-21 09:56:32,015 basehttp 161 "GET /register/login.html HTTP/1.1" 404 2314
INFO 2021-08-21 09:58:43,915 basehttp 161 "GET /register/ HTTP/1.1" 200 3694
INFO 2021-08-21 09:58:43,968 basehttp 161 "GET /static/css/reset.css HTTP/1.1" 200 638
INFO 2021-08-21 09:58:43,972 basehttp 161 "GET /static/css/main.css HTTP/1.1" 200 40091
INFO 2021-08-21 09:58:43,980 basehttp 161 "GET /static/js/vue-2.5.16.js HTTP/1.1" 200 289307
INFO 2021-08-21 09:58:43,982 basehttp 161 "GET /static/js/axios-0.18.0.min.js HTTP/1.1" 200 12941
INFO 2021-08-21 09:58:44,022 basehttp 161 "GET /static/images/logo.png HTTP/1.1" 200 7450
WARNING 2021-08-21 09:58:44,025 basehttp 161 "GET /static/js/register.js HTTP/1.1" 404 1801
INFO 2021-08-21 09:58:44,035 basehttp 161 "GET /static/images/pic_code.jpg HTTP/1.1" 200 4507
INFO 2021-08-21 09:58:44,040 basehttp 161 "GET /static/images/interval_line.png HTTP/1.1" 200 1123
INFO 2021-08-21 09:58:44,041 basehttp 161 "GET /static/images/icons02.png HTTP/1.1" 200 3935
INFO 2021-08-21 09:58:44,043 basehttp 161 "GET /static/images/register_banner.png HTTP/1.1" 200 54894
WARNING 2021-08-21 09:58:44,104 basehttp 161 "GET /static/js/register.js HTTP/1.1" 404 1801
WARNING 2021-08-21 09:58:44,136 log 224 Not Found: /favicon.ico
WARNING 2021-08-21 09:58:44,137 basehttp 161 "GET /favicon.ico HTTP/1.1" 404 2290
INFO 2021-08-21 09:58:57,856 basehttp 161 "GET /register/ HTTP/1.1" 200 3694
INFO 2021-08-21 10:00:24,334 autoreload 637 Watching for file changes with StatReloader
INFO 2021-08-21 10:00:28,605 basehttp 161 "GET /register/ HTTP/1.1" 200 3694
WARNING 2021-08-21 10:00:28,652 basehttp 161 "GET /static/js/register.js HTTP/1.1" 404 1801
INFO 2021-08-21 10:00:29,417 basehttp 161 "GET /register/ HTTP/1.1" 200 3694
WARNING 2021-08-21 10:00:29,446 basehttp 161 "GET /static/js/register.js HTTP/1.1" 404 1801
WARNING 2021-08-21 10:00:29,460 basehttp 161 "GET /static/js/register.js HTTP/1.1" 404 1801
INFO 2021-08-21 10:00:29,986 basehttp 161 "GET /register/ HTTP/1.1" 200 3694
WARNING 2021-08-21 10:00:30,011 basehttp 161 "GET /static/js/register.js HTTP/1.1" 404 1801
WARNING 2021-08-21 10:00:30,026 basehttp 161 "GET /static/js/register.js HTTP/1.1" 404 1801
INFO 2021-08-21 10:01:21,538 basehttp 161 "GET /register/ HTTP/1.1" 200 3669
WARNING 2021-08-21 10:01:21,567 basehttp 161 "GET /static/js/register.js HTTP/1.1" 404 1801
WARNING 2021-08-21 10:01:21,599 basehttp 161 "GET /static/js/register.js HTTP/1.1" 404 1801
INFO 2021-08-21 10:01:22,366 basehttp 161 "GET /register/ HTTP/1.1" 200 3669
WARNING 2021-08-21 10:01:22,392 basehttp 161 "GET /static/js/register.js HTTP/1.1" 404 1801
WARNING 2021-08-21 10:01:22,407 basehttp 161 "GET /static/js/register.js HTTP/1.1" 404 1801
INFO 2021-08-21 10:01:22,893 basehttp 161 "GET /register/ HTTP/1.1" 200 3669
WARNING 2021-08-21 10:01:22,920 basehttp 161 "GET /static/js/register.js HTTP/1.1" 404 1801
WARNING 2021-08-21 10:01:22,934 basehttp 161 "GET /static/js/register.js HTTP/1.1" 404 1801
WARNING 2021-08-21 10:02:21,112 basehttp 161 "GET /static/js/axios.min.map HTTP/1.1" 404 1807
INFO 2021-08-21 10:02:43,691 basehttp 161 "GET /register/ HTTP/1.1" 200 3678
WARNING 2021-08-21 10:02:43,720 basehttp 161 "GET /static/js/register.js HTTP/1.1" 404 1801
WARNING 2021-08-21 10:02:43,806 basehttp 161 "GET /static/js/axios.min.map HTTP/1.1" 404 1807
WARNING 2021-08-21 10:02:43,810 basehttp 161 "GET /static/js/register.js HTTP/1.1" 404 1801
INFO 2021-08-21 10:02:48,035 basehttp 161 "GET /register/ HTTP/1.1" 200 3678
WARNING 2021-08-21 10:02:48,062 basehttp 161 "GET /static/js/register.js HTTP/1.1" 404 1801
WARNING 2021-08-21 10:02:48,088 basehttp 161 "GET /static/js/register.js HTTP/1.1" 404 1801
INFO 2021-08-21 10:02:48,716 basehttp 161 "GET /register/ HTTP/1.1" 200 3678
WARNING 2021-08-21 10:02:48,743 basehttp 161 "GET /static/js/register.js HTTP/1.1" 404 1801
WARNING 2021-08-21 10:02:48,757 basehttp 161 "GET /static/js/register.js HTTP/1.1" 404 1801
INFO 2021-08-21 10:04:32,079 basehttp 161 "GET /register/ HTTP/1.1" 200 3779
WARNING 2021-08-21 10:04:32,121 basehttp 161 "GET /static/js/register.js HTTP/1.1" 404 1801
INFO 2021-08-21 10:04:33,064 basehttp 161 "GET /static/css/jquery.pagination.css HTTP/1.1" 200 523
WARNING 2021-08-21 10:04:33,082 basehttp 161 "GET /static/js/register.js HTTP/1.1" 404 1801
INFO 2021-08-21 10:05:04,410 basehttp 161 "GET /register/ HTTP/1.1" 200 3779
INFO 2021-08-21 10:05:04,465 basehttp 161 "GET /static/css/jquery.pagination.css HTTP/1.1" 200 523
INFO 2021-08-21 10:05:04,474 basehttp 161 "GET /static/css/main.css HTTP/1.1" 200 40091
INFO 2021-08-21 10:05:04,475 basehttp 161 "GET /static/css/reset.css HTTP/1.1" 200 638
WARNING 2021-08-21 10:05:04,510 basehttp 161 "GET /static/js/register.js HTTP/1.1" 404 1801
INFO 2021-08-21 10:05:04,511 basehttp 161 "GET /static/js/axios-0.18.0.min.js HTTP/1.1" 200 12941
INFO 2021-08-21 10:05:04,517 basehttp 161 "GET /static/js/vue-2.5.16.js HTTP/1.1" 200 289307
INFO 2021-08-21 10:05:04,522 basehttp 161 "GET /static/images/pic_code.jpg HTTP/1.1" 200 4507
INFO 2021-08-21 10:05:04,523 basehttp 161 "GET /static/images/logo.png HTTP/1.1" 200 7450
WARNING 2021-08-21 10:05:04,561 basehttp 161 "GET /static/js/register.js HTTP/1.1" 404 1801
INFO 2021-08-21 10:05:04,568 basehttp 161 "GET /static/images/icons02.png HTTP/1.1" 200 3935
INFO 2021-08-21 10:05:04,569 basehttp 161 "GET /static/images/interval_line.png HTTP/1.1" 200 1123
INFO 2021-08-21 10:05:04,571 basehttp 161 "GET /static/images/register_banner.png HTTP/1.1" 200 54894
WARNING 2021-08-21 10:05:04,593 log 224 Not Found: /favicon.ico
WARNING 2021-08-21 10:05:04,594 basehttp 161 "GET /favicon.ico HTTP/1.1" 404 2290
INFO 2021-08-21 10:06:02,983 basehttp 161 "GET /register/ HTTP/1.1" 200 3670
WARNING 2021-08-21 10:06:03,008 basehttp 161 "GET /static/js/register.js HTTP/1.1" 404 1801
WARNING 2021-08-21 10:06:03,026 basehttp 161 "GET /static/js/register.js HTTP/1.1" 404 1801
INFO 2021-08-21 10:06:04,727 basehttp 161 "GET /register/ HTTP/1.1" 200 3670
WARNING 2021-08-21 10:06:04,752 basehttp 161 "GET /static/js/register.js HTTP/1.1" 404 1801
WARNING 2021-08-21 10:06:04,768 basehttp 161 "GET /static/js/register.js HTTP/1.1" 404 1801
INFO 2021-08-21 10:06:28,139 basehttp 161 "GET /register/ HTTP/1.1" 200 3674
WARNING 2021-08-21 10:06:28,165 basehttp 161 "GET /static/js/register.js HTTP/1.1" 404 1801
WARNING 2021-08-21 10:06:28,184 basehttp 161 "GET /static/js/register.js HTTP/1.1" 404 1801
INFO 2021-08-21 10:06:29,140 basehttp 161 "GET /register/ HTTP/1.1" 200 3674
WARNING 2021-08-21 10:06:29,170 basehttp 161 "GET /static/js/register.js HTTP/1.1" 404 1801
WARNING 2021-08-21 10:06:29,184 basehttp 161 "GET /static/js/register.js HTTP/1.1" 404 1801
INFO 2021-08-21 10:06:29,695 basehttp 161 "GET /register/ HTTP/1.1" 200 3674
WARNING 2021-08-21 10:06:29,720 basehttp 161 "GET /static/js/register.js HTTP/1.1" 404 1801
WARNING 2021-08-21 10:06:29,737 basehttp 161 "GET /static/js/register.js HTTP/1.1" 404 1801
INFO 2021-08-21 10:06:30,166 basehttp 161 "GET /register/ HTTP/1.1" 200 3674
WARNING 2021-08-21 10:06:30,196 basehttp 161 "GET /static/js/register.js HTTP/1.1" 404 1801
WARNING 2021-08-21 10:06:30,210 basehttp 161 "GET /static/js/register.js HTTP/1.1" 404 1801
INFO 2021-08-21 10:07:20,770 basehttp 161 "GET /register/ HTTP/1.1" 200 4070
INFO 2021-08-21 10:07:20,797 basehttp 161 "GET /static/js/vue-2.5.16.js HTTP/1.1" 304 0
INFO 2021-08-21 10:07:20,806 basehttp 161 "GET /static/js/axios-0.18.0.min.js HTTP/1.1" 304 0
WARNING 2021-08-21 10:07:20,810 basehttp 161 "GET /static/js/register.js HTTP/1.1" 404 1801
INFO 2021-08-21 10:07:20,829 basehttp 161 "GET /static/images/logo.png HTTP/1.1" 304 0
INFO 2021-08-21 10:07:20,830 basehttp 161 "GET /static/images/pic_code.jpg HTTP/1.1" 304 0
WARNING 2021-08-21 10:07:20,842 basehttp 161 "GET /static/js/register.js HTTP/1.1" 404 1801
INFO 2021-08-21 10:08:09,337 basehttp 161 "GET /register/ HTTP/1.1" 200 3696
INFO 2021-08-21 10:08:11,067 basehttp 161 "GET /static/js/axios-0.18.0.min.js HTTP/1.1" 200 12941
INFO 2021-08-21 10:08:49,355 basehttp 161 "GET /register/ HTTP/1.1" 200 3696
INFO 2021-08-21 10:08:49,383 basehttp 161 "GET /static/js/axios-0.18.0.min.js HTTP/1.1" 304 0
INFO 2021-08-21 10:08:49,383 basehttp 161 "GET /static/js/vue-2.5.16.js HTTP/1.1" 304 0
WARNING 2021-08-21 10:08:49,395 basehttp 161 "GET /static/js/register.js HTTP/1.1" 404 1801
INFO 2021-08-21 10:08:49,415 basehttp 161 "GET /static/images/logo.png HTTP/1.1" 304 0
INFO 2021-08-21 10:08:49,417 basehttp 161 "GET /static/images/pic_code.jpg HTTP/1.1" 304 0
WARNING 2021-08-21 10:08:49,426 basehttp 161 "GET /static/js/register.js HTTP/1.1" 404 1801
INFO 2021-08-21 10:09:58,881 basehttp 161 "GET /register/ HTTP/1.1" 200 3650
INFO 2021-08-21 10:09:58,905 basehttp 161 "GET /static/js/vue-2.5.16.js HTTP/1.1" 304 0
INFO 2021-08-21 10:09:58,909 basehttp 161 "GET /static/js/axios-0.18.0.min.js HTTP/1.1" 304 0
WARNING 2021-08-21 10:09:58,919 basehttp 161 "GET /static/js/register.js HTTP/1.1" 404 1801
INFO 2021-08-21 10:09:58,941 basehttp 161 "GET /static/images/logo.png HTTP/1.1" 304 0
INFO 2021-08-21 10:09:58,942 basehttp 161 "GET /static/images/pic_code.jpg HTTP/1.1" 304 0
WARNING 2021-08-21 10:09:58,952 basehttp 161 "GET /static/js/register.js HTTP/1.1" 404 1801
INFO 2021-08-21 10:09:59,864 basehttp 161 "GET /register/ HTTP/1.1" 200 3650
INFO 2021-08-21 10:09:59,889 basehttp 161 "GET /static/js/vue-2.5.16.js HTTP/1.1" 304 0
INFO 2021-08-21 10:09:59,890 basehttp 161 "GET /static/js/axios-0.18.0.min.js HTTP/1.1" 304 0
WARNING 2021-08-21 10:09:59,901 basehttp 161 "GET /static/js/register.js HTTP/1.1" 404 1801
INFO 2021-08-21 10:09:59,914 basehttp 161 "GET /static/images/pic_code.jpg HTTP/1.1" 304 0
INFO 2021-08-21 10:09:59,914 basehttp 161 "GET /static/images/logo.png HTTP/1.1" 304 0
INFO 2021-08-21 10:10:00,614 basehttp 161 "GET /register/ HTTP/1.1" 200 3650
INFO 2021-08-21 10:10:00,640 basehttp 161 "GET /static/js/vue-2.5.16.js HTTP/1.1" 304 0
INFO 2021-08-21 10:10:00,640 basehttp 161 "GET /static/js/axios-0.18.0.min.js HTTP/1.1" 304 0
WARNING 2021-08-21 10:10:00,656 basehttp 161 "GET /static/js/register.js HTTP/1.1" 404 1801
INFO 2021-08-21 10:10:00,662 basehttp 161 "GET /static/images/logo.png HTTP/1.1" 304 0
INFO 2021-08-21 10:10:00,664 basehttp 161 "GET /static/images/pic_code.jpg HTTP/1.1" 304 0
INFO 2021-08-21 10:10:27,184 basehttp 161 "GET /register/ HTTP/1.1" 200 3634
INFO 2021-08-21 10:10:27,210 basehttp 161 "GET /static/js/vue-2.5.16.js HTTP/1.1" 304 0
INFO 2021-08-21 10:10:27,211 basehttp 161 "GET /static/js/axios-0.18.0.min.js HTTP/1.1" 304 0
WARNING 2021-08-21 10:10:27,224 basehttp 161 "GET /static/js/register.js HTTP/1.1" 404 1801
INFO 2021-08-21 10:10:27,239 basehttp 161 "GET /static/images/logo.png HTTP/1.1" 304 0
INFO 2021-08-21 10:10:27,240 basehttp 161 "GET /static/images/pic_code.jpg HTTP/1.1" 304 0
INFO 2021-08-21 10:10:28,010 basehttp 161 "GET /register/ HTTP/1.1" 200 3634
INFO 2021-08-21 10:10:28,034 basehttp 161 "GET /static/js/axios-0.18.0.min.js HTTP/1.1" 304 0
INFO 2021-08-21 10:10:28,034 basehttp 161 "GET /static/js/vue-2.5.16.js HTTP/1.1" 304 0
WARNING 2021-08-21 10:10:28,050 basehttp 161 "GET /static/js/register.js HTTP/1.1" 404 1801
INFO 2021-08-21 10:10:28,057 basehttp 161 "GET /static/images/logo.png HTTP/1.1" 304 0
INFO 2021-08-21 10:10:28,058 basehttp 161 "GET /static/images/pic_code.jpg HTTP/1.1" 304 0
INFO 2021-08-21 10:10:28,524 basehttp 161 "GET /register/ HTTP/1.1" 200 3634
INFO 2021-08-21 10:10:28,547 basehttp 161 "GET /static/js/axios-0.18.0.min.js HTTP/1.1" 304 0
INFO 2021-08-21 10:10:28,547 basehttp 161 "GET /static/js/vue-2.5.16.js HTTP/1.1" 304 0
WARNING 2021-08-21 10:10:28,559 basehttp 161 "GET /static/js/register.js HTTP/1.1" 404 1801
INFO 2021-08-21 10:10:28,570 basehttp 161 "GET /static/images/logo.png HTTP/1.1" 304 0
INFO 2021-08-21 10:10:28,571 basehttp 161 "GET /static/images/pic_code.jpg HTTP/1.1" 304 0
INFO 2021-08-21 10:11:04,578 basehttp 161 "GET /register/ HTTP/1.1" 200 3456
INFO 2021-08-21 10:11:04,599 basehttp 161 "GET /static/js/vue-2.5.16.js HTTP/1.1" 304 0
INFO 2021-08-21 10:11:04,600 basehttp 161 "GET /static/js/axios-0.18.0.min.js HTTP/1.1" 304 0
WARNING 2021-08-21 10:11:04,611 basehttp 161 "GET /static/js/register.js HTTP/1.1" 404 1801
INFO 2021-08-21 10:11:04,623 basehttp 161 "GET /static/images/logo.png HTTP/1.1" 304 0
INFO 2021-08-21 10:11:04,624 basehttp 161 "GET /static/images/pic_code.jpg HTTP/1.1" 304 0
INFO 2021-08-21 10:11:05,449 basehttp 161 "GET /register/ HTTP/1.1" 200 3456
INFO 2021-08-21 10:11:05,479 basehttp 161 "GET /static/js/vue-2.5.16.js HTTP/1.1" 304 0
INFO 2021-08-21 10:11:05,479 basehttp 161 "GET /static/js/axios-0.18.0.min.js HTTP/1.1" 304 0
INFO 2021-08-21 10:11:05,500 basehttp 161 "GET /static/images/logo.png HTTP/1.1" 304 0
INFO 2021-08-21 10:11:05,501 basehttp 161 "GET /static/images/pic_code.jpg HTTP/1.1" 304 0
WARNING 2021-08-21 10:11:05,504 basehttp 161 "GET /static/js/register.js HTTP/1.1" 404 1801
INFO 2021-08-21 10:11:05,997 basehttp 161 "GET /register/ HTTP/1.1" 200 3456
INFO 2021-08-21 10:11:06,025 basehttp 161 "GET /static/js/vue-2.5.16.js HTTP/1.1" 304 0
INFO 2021-08-21 10:11:06,027 basehttp 161 "GET /static/js/axios-0.18.0.min.js HTTP/1.1" 304 0
WARNING 2021-08-21 10:11:06,039 basehttp 161 "GET /static/js/register.js HTTP/1.1" 404 1801
INFO 2021-08-21 10:11:06,051 basehttp 161 "GET /static/images/logo.png HTTP/1.1" 304 0
INFO 2021-08-21 10:11:06,054 basehttp 161 "GET /static/images/pic_code.jpg HTTP/1.1" 304 0
INFO 2021-08-21 10:11:20,546 basehttp 161 "GET /register/ HTTP/1.1" 200 3442
INFO 2021-08-21 10:11:20,570 basehttp 161 "GET /static/js/vue-2.5.16.js HTTP/1.1" 304 0
INFO 2021-08-21 10:11:20,571 basehttp 161 "GET /static/js/axios-0.18.0.min.js HTTP/1.1" 304 0
WARNING 2021-08-21 10:11:20,583 basehttp 161 "GET /static/js/register.js HTTP/1.1" 404 1801
INFO 2021-08-21 10:11:20,592 basehttp 161 "GET /static/images/logo.png HTTP/1.1" 304 0
INFO 2021-08-21 10:11:20,593 basehttp 161 "GET /static/images/pic_code.jpg HTTP/1.1" 304 0
INFO 2021-08-21 10:12:44,805 basehttp 161 "GET /register/ HTTP/1.1" 200 3694
INFO 2021-08-21 10:12:44,833 basehttp 161 "GET /static/js/vue-2.5.16.js HTTP/1.1" 304 0
INFO 2021-08-21 10:12:44,834 basehttp 161 "GET /static/js/axios-0.18.0.min.js HTTP/1.1" 304 0
WARNING 2021-08-21 10:12:44,849 basehttp 161 "GET /static/js/register.js HTTP/1.1" 404 1801
INFO 2021-08-21 10:12:44,857 basehttp 161 "GET /static/images/logo.png HTTP/1.1" 304 0
INFO 2021-08-21 10:12:44,857 basehttp 161 "GET /static/images/pic_code.jpg HTTP/1.1" 304 0
INFO 2021-08-21 10:12:56,129 basehttp 161 "GET /register/ HTTP/1.1" 200 3687
INFO 2021-08-21 10:12:56,153 basehttp 161 "GET /static/js/axios-0.18.0.min.js HTTP/1.1" 304 0
INFO 2021-08-21 10:12:56,156 basehttp 161 "GET /static/js/vue-2.5.16.js HTTP/1.1" 304 0
WARNING 2021-08-21 10:12:56,167 basehttp 161 "GET /static/js/register.js HTTP/1.1" 404 1801
INFO 2021-08-21 10:12:56,175 basehttp 161 "GET /static/images/logo.png HTTP/1.1" 304 0
INFO 2021-08-21 10:12:56,177 basehttp 161 "GET /static/images/pic_code.jpg HTTP/1.1" 304 0
INFO 2021-08-21 10:14:02,104 basehttp 161 "GET /register/ HTTP/1.1" 200 3694
INFO 2021-08-21 10:14:02,138 basehttp 161 "GET /static/js/axios-0.18.0.min.js HTTP/1.1" 304 0
INFO 2021-08-21 10:14:02,138 basehttp 161 "GET /static/js/vue-2.5.16.js HTTP/1.1" 304 0
WARNING 2021-08-21 10:14:02,153 basehttp 161 "GET /static/js/register.js HTTP/1.1" 404 1801
INFO 2021-08-21 10:14:02,169 basehttp 161 "GET /static/images/logo.png HTTP/1.1" 304 0
INFO 2021-08-21 10:14:02,170 basehttp 161 "GET /static/images/pic_code.jpg HTTP/1.1" 304 0
INFO 2021-08-21 10:14:04,703 basehttp 161 "GET /register/ HTTP/1.1" 200 3694
INFO 2021-08-21 10:14:04,729 basehttp 161 "GET /static/js/vue-2.5.16.js HTTP/1.1" 304 0
INFO 2021-08-21 10:14:04,731 basehttp 161 "GET /static/js/axios-0.18.0.min.js HTTP/1.1" 304 0
WARNING 2021-08-21 10:14:04,742 basehttp 161 "GET /static/js/register.js HTTP/1.1" 404 1801
INFO 2021-08-21 10:14:04,749 basehttp 161 "GET /static/images/pic_code.jpg HTTP/1.1" 304 0
INFO 2021-08-21 10:14:04,750 basehttp 161 "GET /static/images/logo.png HTTP/1.1" 304 0
INFO 2021-08-21 10:14:05,485 basehttp 161 "GET /register/ HTTP/1.1" 200 3694
INFO 2021-08-21 10:14:05,513 basehttp 161 "GET /static/js/vue-2.5.16.js HTTP/1.1" 304 0
INFO 2021-08-21 10:14:05,515 basehttp 161 "GET /static/js/axios-0.18.0.min.js HTTP/1.1" 304 0
WARNING 2021-08-21 10:14:05,525 basehttp 161 "GET /static/js/register.js HTTP/1.1" 404 1801
INFO 2021-08-21 10:14:05,541 basehttp 161 "GET /static/images/logo.png HTTP/1.1" 304 0
INFO 2021-08-21 10:14:05,542 basehttp 161 "GET /static/images/pic_code.jpg HTTP/1.1" 304 0
INFO 2021-08-21 10:14:08,034 basehttp 161 "GET /register/ HTTP/1.1" 200 3694
INFO 2021-08-21 10:14:08,059 basehttp 161 "GET /static/js/axios-0.18.0.min.js HTTP/1.1" 304 0
INFO 2021-08-21 10:14:08,060 basehttp 161 "GET /static/js/vue-2.5.16.js HTTP/1.1" 304 0
WARNING 2021-08-21 10:14:08,072 basehttp 161 "GET /static/js/register.js HTTP/1.1" 404 1801
INFO 2021-08-21 10:14:08,081 basehttp 161 "GET /static/images/logo.png HTTP/1.1" 304 0
INFO 2021-08-21 10:14:08,081 basehttp 161 "GET /static/images/pic_code.jpg HTTP/1.1" 304 0
INFO 2021-08-21 10:15:36,945 basehttp 161 "GET /register/ HTTP/1.1" 200 3694
WARNING 2021-08-21 10:15:36,971 basehttp 161 "GET /static/js/register.js HTTP/1.1" 404 1801
WARNING 2021-08-21 10:15:37,013 basehttp 161 "GET /static/js/register.js HTTP/1.1" 404 1801
INFO 2021-08-21 10:15:43,536 basehttp 161 "GET /static/js/vue-2.5.16.js HTTP/1.1" 200 289307
INFO 2021-08-21 10:15:49,339 basehttp 161 "GET /register/ HTTP/1.1" 200 3694
INFO 2021-08-21 10:15:49,360 basehttp 161 "GET /static/js/vue-2.5.16.js HTTP/1.1" 304 0
INFO 2021-08-21 10:15:49,360 basehttp 161 "GET /static/js/axios-0.18.0.min.js HTTP/1.1" 304 0
WARNING 2021-08-21 10:15:49,372 basehttp 161 "GET /static/js/register.js HTTP/1.1" 404 1801
INFO 2021-08-21 10:15:49,385 basehttp 161 "GET /static/images/logo.png HTTP/1.1" 304 0
INFO 2021-08-21 10:15:49,386 basehttp 161 "GET /static/images/pic_code.jpg HTTP/1.1" 304 0
WARNING 2021-08-21 10:15:49,395 basehttp 161 "GET /static/js/register.js HTTP/1.1" 404 1801
INFO 2021-08-21 10:15:50,373 basehttp 161 "GET /register/ HTTP/1.1" 200 3694
INFO 2021-08-21 10:15:50,396 basehttp 161 "GET /static/js/vue-2.5.16.js HTTP/1.1" 304 0
INFO 2021-08-21 10:15:50,396 basehttp 161 "GET /static/js/axios-0.18.0.min.js HTTP/1.1" 304 0
WARNING 2021-08-21 10:15:50,407 basehttp 161 "GET /static/js/register.js HTTP/1.1" 404 1801
INFO 2021-08-21 10:15:50,420 basehttp 161 "GET /static/images/pic_code.jpg HTTP/1.1" 304 0
INFO 2021-08-21 10:15:50,420 basehttp 161 "GET /static/images/logo.png HTTP/1.1" 304 0
INFO 2021-08-21 10:17:23,979 autoreload 251 D:\meiduo_mall\meiduo_mall\settings\dev.py changed, reloading.
INFO 2021-08-21 10:17:25,674 autoreload 637 Watching for file changes with StatReloader
INFO 2021-08-21 10:17:46,013 autoreload 637 Watching for file changes with StatReloader
INFO 2021-08-21 10:17:58,983 autoreload 251 D:\meiduo_mall\meiduo_mall\settings\dev.py changed, reloading.
INFO 2021-08-21 10:18:00,183 autoreload 637 Watching for file changes with StatReloader
INFO 2021-08-21 10:19:51,355 autoreload 637 Watching for file changes with StatReloader
INFO 2021-08-21 10:21:15,898 basehttp 161 "GET /register/ HTTP/1.1" 200 3694
INFO 2021-08-21 10:21:15,930 basehttp 161 "GET /static/js/vue-2.5.16.js HTTP/1.1" 304 0
INFO 2021-08-21 10:21:15,937 basehttp 161 "GET /static/js/axios-0.18.0.min.js HTTP/1.1" 304 0
INFO 2021-08-21 10:21:15,953 basehttp 161 "GET /static/images/logo.png HTTP/1.1" 304 0
INFO 2021-08-21 10:21:15,955 basehttp 161 "GET /static/images/pic_code.jpg HTTP/1.1" 304 0
WARNING 2021-08-21 10:21:15,964 basehttp 161 "GET /static/js/register.js HTTP/1.1" 404 1801
INFO 2021-08-21 10:21:16,828 basehttp 161 "GET /register/ HTTP/1.1" 200 3694
INFO 2021-08-21 10:21:16,852 basehttp 161 "GET /static/js/vue-2.5.16.js HTTP/1.1" 304 0
INFO 2021-08-21 10:21:16,854 basehttp 161 "GET /static/js/axios-0.18.0.min.js HTTP/1.1" 304 0
WARNING 2021-08-21 10:21:16,862 basehttp 161 "GET /static/js/register.js HTTP/1.1" 404 1801
INFO 2021-08-21 10:21:16,878 basehttp 161 "GET /static/images/logo.png HTTP/1.1" 304 0
INFO 2021-08-21 10:21:16,881 basehttp 161 "GET /static/images/pic_code.jpg HTTP/1.1" 304 0
WARNING 2021-08-21 10:21:16,889 basehttp 161 "GET /static/js/register.js HTTP/1.1" 404 1801
INFO 2021-08-21 10:27:46,389 basehttp 161 "GET /register/ HTTP/1.1" 200 3694
INFO 2021-08-21 10:27:46,432 basehttp 161 "GET /static/js/vue-2.5.16.js HTTP/1.1" 304 0
INFO 2021-08-21 10:27:46,434 basehttp 161 "GET /static/js/axios-0.18.0.min.js HTTP/1.1" 304 0
WARNING 2021-08-21 10:27:46,444 basehttp 161 "GET /static/js/register.js HTTP/1.1" 404 1801
INFO 2021-08-21 10:27:46,456 basehttp 161 "GET /static/images/logo.png HTTP/1.1" 304 0
INFO 2021-08-21 10:27:46,457 basehttp 161 "GET /static/images/pic_code.jpg HTTP/1.1" 304 0
INFO 2021-08-21 10:27:47,362 basehttp 161 "GET /register/ HTTP/1.1" 200 3694
INFO 2021-08-21 10:27:47,399 basehttp 161 "GET /static/js/axios-0.18.0.min.js HTTP/1.1" 304 0
INFO 2021-08-21 10:27:47,404 basehttp 161 "GET /static/js/vue-2.5.16.js HTTP/1.1" 304 0
WARNING 2021-08-21 10:27:47,408 basehttp 161 "GET /static/js/register.js HTTP/1.1" 404 1801
INFO 2021-08-21 10:27:47,426 basehttp 161 "GET /static/images/pic_code.jpg HTTP/1.1" 304 0
INFO 2021-08-21 10:27:47,426 basehttp 161 "GET /static/images/logo.png HTTP/1.1" 304 0
WARNING 2021-08-21 10:27:47,434 basehttp 161 "GET /static/js/register.js HTTP/1.1" 404 1801
INFO 2021-08-21 10:27:47,993 basehttp 161 "GET /register/ HTTP/1.1" 200 3694
INFO 2021-08-21 10:27:48,017 basehttp 161 "GET /static/js/axios-0.18.0.min.js HTTP/1.1" 304 0
INFO 2021-08-21 10:27:48,018 basehttp 161 "GET /static/js/vue-2.5.16.js HTTP/1.1" 304 0
WARNING 2021-08-21 10:27:48,027 basehttp 161 "GET /static/js/register.js HTTP/1.1" 404 1801
INFO 2021-08-21 10:27:48,043 basehttp 161 "GET /static/images/pic_code.jpg HTTP/1.1" 304 0
INFO 2021-08-21 10:27:48,043 basehttp 161 "GET /static/images/logo.png HTTP/1.1" 304 0
WARNING 2021-08-21 10:27:48,051 basehttp 161 "GET /static/js/register.js HTTP/1.1" 404 1801
INFO 2021-08-21 10:27:49,533 basehttp 161 "GET /register/ HTTP/1.1" 200 3694
INFO 2021-08-21 10:27:49,562 basehttp 161 "GET /static/js/vue-2.5.16.js HTTP/1.1" 304 0
INFO 2021-08-21 10:27:49,570 basehttp 161 "GET /static/js/axios-0.18.0.min.js HTTP/1.1" 304 0
WARNING 2021-08-21 10:27:49,574 basehttp 161 "GET /static/js/register.js HTTP/1.1" 404 1801
INFO 2021-08-21 10:27:49,584 basehttp 161 "GET /static/images/logo.png HTTP/1.1" 304 0
INFO 2021-08-21 10:27:49,586 basehttp 161 "GET /static/images/pic_code.jpg HTTP/1.1" 304 0
WARNING 2021-08-21 10:27:49,595 basehttp 161 "GET /static/js/register.js HTTP/1.1" 404 1801
INFO 2021-08-21 10:27:53,038 basehttp 161 "GET /register/ HTTP/1.1" 200 3694
WARNING 2021-08-21 10:27:53,068 basehttp 161 "GET /static/js/register.js HTTP/1.1" 404 1801
WARNING 2021-08-21 10:27:53,095 basehttp 161 "GET /static/js/register.js HTTP/1.1" 404 1801
INFO 2021-08-21 10:27:54,255 basehttp 161 "GET /register/ HTTP/1.1" 200 3694
WARNING 2021-08-21 10:27:54,284 basehttp 161 "GET /static/js/register.js HTTP/1.1" 404 1801
INFO 2021-08-21 10:29:59,753 autoreload 637 Watching for file changes with StatReloader
INFO 2021-08-21 10:30:02,832 basehttp 161 "GET /register/ HTTP/1.1" 200 3694
INFO 2021-08-21 10:30:02,870 basehttp 161 "GET /static/js/axios-0.18.0.min.js HTTP/1.1" 304 0
INFO 2021-08-21 10:30:02,871 basehttp 161 "GET /static/js/vue-2.5.16.js HTTP/1.1" 304 0
WARNING 2021-08-21 10:30:02,882 basehttp 161 "GET /static/js/register.js HTTP/1.1" 404 1801
INFO 2021-08-21 10:30:02,895 basehttp 161 "GET /static/images/logo.png HTTP/1.1" 304 0
INFO 2021-08-21 10:30:02,896 basehttp 161 "GET /static/images/pic_code.jpg HTTP/1.1" 304 0
INFO 2021-08-21 10:30:03,620 basehttp 161 "GET /register/ HTTP/1.1" 200 3694
INFO 2021-08-21 10:30:03,651 basehttp 161 "GET /static/js/vue-2.5.16.js HTTP/1.1" 304 0
INFO 2021-08-21 10:30:03,651 basehttp 161 "GET /static/js/axios-0.18.0.min.js HTTP/1.1" 304 0
WARNING 2021-08-21 10:30:03,655 basehttp 161 "GET /static/js/register.js HTTP/1.1" 404 1801
INFO 2021-08-21 10:30:03,672 basehttp 161 "GET /static/images/pic_code.jpg HTTP/1.1" 304 0
INFO 2021-08-21 10:30:03,674 basehttp 161 "GET /static/images/logo.png HTTP/1.1" 304 0
WARNING 2021-08-21 10:30:03,679 basehttp 161 "GET /static/js/register.js HTTP/1.1" 404 1801
INFO 2021-08-21 10:30:04,241 basehttp 161 "GET /register/ HTTP/1.1" 200 3694
INFO 2021-08-21 10:30:04,269 basehttp 161 "GET /static/js/vue-2.5.16.js HTTP/1.1" 304 0
INFO 2021-08-21 10:30:04,270 basehttp 161 "GET /static/js/axios-0.18.0.min.js HTTP/1.1" 304 0
WARNING 2021-08-21 10:30:04,274 basehttp 161 "GET /static/js/register.js HTTP/1.1" 404 1801
INFO 2021-08-21 10:30:04,290 basehttp 161 "GET /static/images/logo.png HTTP/1.1" 304 0
INFO 2021-08-21 10:30:04,292 basehttp 161 "GET /static/images/pic_code.jpg HTTP/1.1" 304 0
WARNING 2021-08-21 10:30:04,299 basehttp 161 "GET /static/js/register.js HTTP/1.1" 404 1801
INFO 2021-08-21 10:30:22,711 basehttp 161 "GET /register/ HTTP/1.1" 200 3687
INFO 2021-08-21 10:30:22,740 basehttp 161 "GET /static/js/vue-2.5.16.js HTTP/1.1" 304 0
INFO 2021-08-21 10:30:22,742 basehttp 161 "GET /static/js/axios-0.18.0.min.js HTTP/1.1" 304 0
WARNING 2021-08-21 10:30:22,753 basehttp 161 "GET /static/js/register.js HTTP/1.1" 404 1801
INFO 2021-08-21 10:30:22,760 basehttp 161 "GET /static/images/logo.png HTTP/1.1" 304 0
INFO 2021-08-21 10:30:22,762 basehttp 161 "GET /static/images/pic_code.jpg HTTP/1.1" 304 0
WARNING 2021-08-21 10:30:48,728 log 224 Not Found: /
WARNING 2021-08-21 10:30:48,729 basehttp 161 "GET / HTTP/1.1" 404 2239
INFO 2021-08-21 10:30:55,683 basehttp 161 "GET /admin/ HTTP/1.1" 302 0
INFO 2021-08-21 10:30:55,726 basehttp 161 "GET /admin/login/?next=/admin/ HTTP/1.1" 200 2214
INFO 2021-08-21 10:30:58,556 basehttp 161 "GET /static/admin/css/nav_sidebar.css HTTP/1.1" 200 2271
INFO 2021-08-21 10:30:58,557 basehttp 161 "GET /static/admin/js/nav_sidebar.js HTTP/1.1" 200 1360
INFO 2021-08-21 10:30:58,558 basehttp 161 "GET /static/admin/css/responsive.css HTTP/1.1" 200 18545
INFO 2021-08-21 10:30:58,562 basehttp 161 "GET /static/admin/css/login.css HTTP/1.1" 200 939
INFO 2021-08-21 10:30:58,568 basehttp 161 "GET /static/admin/css/base.css HTTP/1.1" 200 19513
INFO 2021-08-21 10:30:58,595 basehttp 161 "GET /static/admin/css/fonts.css HTTP/1.1" 304 0
INFO 2021-08-21 10:30:58,628 basehttp 161 "GET /static/admin/fonts/Roboto-Regular-webfont.woff HTTP/1.1" 304 0
INFO 2021-08-21 10:30:58,629 basehttp 161 "GET /static/admin/fonts/Roboto-Light-webfont.woff HTTP/1.1" 304 0
INFO 2021-08-21 10:31:02,635 basehttp 161 "GET /register/ HTTP/1.1" 200 3687
WARNING 2021-08-21 10:31:02,662 basehttp 161 "GET /static/js/register.js HTTP/1.1" 404 1801
INFO 2021-08-21 10:32:29,816 basehttp 161 "GET /register/ HTTP/1.1" 200 3694
INFO 2021-08-21 10:32:29,845 basehttp 161 "GET /static/js/vue-2.5.16.js HTTP/1.1" 304 0
INFO 2021-08-21 10:32:29,845 basehttp 161 "GET /static/js/axios-0.18.0.min.js HTTP/1.1" 304 0
WARNING 2021-08-21 10:32:29,855 basehttp 161 "GET /static/js/register.js HTTP/1.1" 404 1801
INFO 2021-08-21 10:32:29,867 basehttp 161 "GET /static/images/pic_code.jpg HTTP/1.1" 304 0
INFO 2021-08-21 10:32:29,867 basehttp 161 "GET /static/images/logo.png HTTP/1.1" 304 0
INFO 2021-08-21 10:32:30,937 basehttp 161 "GET /register/ HTTP/1.1" 200 3694
INFO 2021-08-21 10:32:30,961 basehttp 161 "GET /static/js/vue-2.5.16.js HTTP/1.1" 304 0
INFO 2021-08-21 10:32:30,967 basehttp 161 "GET /static/js/axios-0.18.0.min.js HTTP/1.1" 304 0
WARNING 2021-08-21 10:32:30,970 basehttp 161 "GET /static/js/register.js HTTP/1.1" 404 1801
INFO 2021-08-21 10:32:30,984 basehttp 161 "GET /static/images/logo.png HTTP/1.1" 304 0
INFO 2021-08-21 10:32:30,984 basehttp 161 "GET /static/images/pic_code.jpg HTTP/1.1" 304 0
INFO 2021-08-21 10:34:25,562 basehttp 161 "GET /register/ HTTP/1.1" 200 3694
INFO 2021-08-21 10:34:25,593 basehttp 161 "GET /static/js/vue-2.5.16.js HTTP/1.1" 304 0
INFO 2021-08-21 10:34:25,596 basehttp 161 "GET /static/js/axios-0.18.0.min.js HTTP/1.1" 304 0
WARNING 2021-08-21 10:34:25,604 basehttp 161 "GET /static/js/register.js HTTP/1.1" 404 1801
INFO 2021-08-21 10:34:25,623 basehttp 161 "GET /static/images/pic_code.jpg HTTP/1.1" 304 0
INFO 2021-08-21 10:34:25,624 basehttp 161 "GET /static/images/logo.png HTTP/1.1" 304 0
WARNING 2021-08-21 10:34:25,637 basehttp 161 "GET /static/js/register.js HTTP/1.1" 404 1801
INFO 2021-08-21 10:34:26,370 basehttp 161 "GET /register/ HTTP/1.1" 200 3694
INFO 2021-08-21 10:34:26,395 basehttp 161 "GET /static/js/axios-0.18.0.min.js HTTP/1.1" 304 0
INFO 2021-08-21 10:34:26,395 basehttp 161 "GET /static/js/vue-2.5.16.js HTTP/1.1" 304 0
WARNING 2021-08-21 10:34:26,409 basehttp 161 "GET /static/js/register.js HTTP/1.1" 404 1801
INFO 2021-08-21 10:34:26,418 basehttp 161 "GET /static/images/logo.png HTTP/1.1" 304 0
INFO 2021-08-21 10:34:26,419 basehttp 161 "GET /static/images/pic_code.jpg HTTP/1.1" 304 0
INFO 2021-08-21 10:34:26,901 basehttp 161 "GET /register/ HTTP/1.1" 200 3694
INFO 2021-08-21 10:34:26,924 basehttp 161 "GET /static/js/vue-2.5.16.js HTTP/1.1" 304 0
INFO 2021-08-21 10:34:26,925 basehttp 161 "GET /static/js/axios-0.18.0.min.js HTTP/1.1" 304 0
WARNING 2021-08-21 10:34:26,937 basehttp 161 "GET /static/js/register.js HTTP/1.1" 404 1801
INFO 2021-08-21 10:34:26,948 basehttp 161 "GET /static/images/logo.png HTTP/1.1" 304 0
INFO 2021-08-21 10:34:26,948 basehttp 161 "GET /static/images/pic_code.jpg HTTP/1.1" 304 0
INFO 2021-08-21 10:34:47,073 autoreload 637 Watching for file changes with StatReloader
INFO 2021-08-21 10:34:51,120 basehttp 161 "GET /register/ HTTP/1.1" 200 3694
INFO 2021-08-21 10:34:51,148 basehttp 161 "GET /static/js/vue-2.5.16.js HTTP/1.1" 304 0
INFO 2021-08-21 10:34:51,150 basehttp 161 "GET /static/js/axios-0.18.0.min.js HTTP/1.1" 304 0
INFO 2021-08-21 10:34:51,166 basehttp 161 "GET /static/images/logo.png HTTP/1.1" 304 0
INFO 2021-08-21 10:34:51,166 basehttp 161 "GET /static/images/pic_code.jpg HTTP/1.1" 304 0
WARNING 2021-08-21 10:34:51,176 basehttp 161 "GET /static/js/register.js HTTP/1.1" 404 1801
INFO 2021-08-21 10:35:54,476 autoreload 637 Watching for file changes with StatReloader
INFO 2021-08-21 10:35:55,531 basehttp 161 "GET /register/ HTTP/1.1" 200 3806
INFO 2021-08-21 10:35:55,563 basehttp 161 "GET /static/js/axios-0.18.0.min.js HTTP/1.1" 304 0
INFO 2021-08-21 10:35:55,572 basehttp 161 "GET /static/js/vue-2.5.16.js HTTP/1.1" 304 0
INFO 2021-08-21 10:35:55,588 basehttp 161 "GET /static/images/logo.png HTTP/1.1" 304 0
WARNING 2021-08-21 10:35:55,595 basehttp 161 "GET /static/js/register.js HTTP/1.1" 404 1801
INFO 2021-08-21 10:35:56,571 basehttp 161 "GET /static/js/common.js HTTP/1.1" 200 891
WARNING 2021-08-21 10:35:56,582 basehttp 161 "GET /static/js/register.js HTTP/1.1" 404 1801
INFO 2021-08-21 10:52:24,601 autoreload 637 Watching for file changes with StatReloader
INFO 2021-08-21 10:52:28,182 basehttp 161 "GET /register/ HTTP/1.1" 200 3803
INFO 2021-08-21 10:52:28,236 basehttp 161 "GET /static/js/axios-0.18.0.min.js HTTP/1.1" 304 0
INFO 2021-08-21 10:52:28,237 basehttp 161 "GET /static/js/common.js HTTP/1.1" 304 0
WARNING 2021-08-21 10:52:28,252 basehttp 161 "GET /static/js/register.js HTTP/1.1" 404 1801
INFO 2021-08-21 10:52:29,243 basehttp 161 "GET /static/js/vue.cjs.js HTTP/1.1" 200 86043
INFO 2021-08-21 10:52:29,257 basehttp 161 "GET /static/images/logo.png HTTP/1.1" 304 0
WARNING 2021-08-21 10:52:29,266 basehttp 161 "GET /static/js/register.js HTTP/1.1" 404 1801
INFO 2021-08-21 10:52:43,372 basehttp 161 "GET /register/ HTTP/1.1" 200 3803
INFO 2021-08-21 10:52:43,399 basehttp 161 "GET /static/js/vue.cjs.js HTTP/1.1" 304 0
INFO 2021-08-21 10:52:43,399 basehttp 161 "GET /static/js/axios-0.18.0.min.js HTTP/1.1" 304 0
INFO 2021-08-21 10:52:43,401 basehttp 161 "GET /static/js/common.js HTTP/1.1" 304 0
WARNING 2021-08-21 10:52:43,407 basehttp 161 "GET /static/js/register.js HTTP/1.1" 404 1801
INFO 2021-08-21 10:52:43,417 basehttp 161 "GET /static/images/logo.png HTTP/1.1" 304 0
INFO 2021-08-21 10:53:11,294 autoreload 637 Watching for file changes with StatReloader
INFO 2021-08-21 10:53:21,171 basehttp 161 "GET /register/ HTTP/1.1" 200 3803
WARNING 2021-08-21 10:53:21,263 basehttp 161 "GET /static/js/register.js HTTP/1.1" 404 1801
INFO 2021-08-21 10:53:24,142 basehttp 161 "GET /static/css/reset.css HTTP/1.1" 200 638
INFO 2021-08-21 10:53:24,145 basehttp 161 "GET /static/css/main.css HTTP/1.1" 200 40091
INFO 2021-08-21 10:53:24,169 basehttp 161 "GET /static/js/vue.cjs.js HTTP/1.1" 200 86043
INFO 2021-08-21 10:53:24,184 basehttp 161 "GET /static/js/common.js HTTP/1.1" 200 891
INFO 2021-08-21 10:53:24,185 basehttp 161 "GET /static/js/axios-0.18.0.min.js HTTP/1.1" 200 12941
INFO 2021-08-21 10:53:24,190 basehttp 161 "GET /static/images/logo.png HTTP/1.1" 200 7450
WARNING 2021-08-21 10:53:24,209 basehttp 161 "GET /static/js/register.js HTTP/1.1" 404 1801
INFO 2021-08-21 10:53:24,212 basehttp 161 "GET /static/images/icons02.png HTTP/1.1" 200 3935
INFO 2021-08-21 10:53:24,212 basehttp 161 "GET /static/images/interval_line.png HTTP/1.1" 200 1123
INFO 2021-08-21 10:53:24,215 basehttp 161 "GET /static/images/register_banner.png HTTP/1.1" 200 54894
WARNING 2021-08-21 10:53:24,250 log 224 Not Found: /favicon.ico
WARNING 2021-08-21 10:53:24,251 basehttp 161 "GET /favicon.ico HTTP/1.1" 404 2290
INFO 2021-08-21 10:53:27,610 basehttp 161 "GET /register/ HTTP/1.1" 200 3803
INFO 2021-08-21 10:56:27,421 basehttp 161 "GET /register/ HTTP/1.1" 200 3534
INFO 2021-08-21 10:56:27,454 basehttp 161 "GET /static/js/vue.cjs.js HTTP/1.1" 304 0
INFO 2021-08-21 10:56:27,457 basehttp 161 "GET /static/js/axios-0.18.0.min.js HTTP/1.1" 304 0
INFO 2021-08-21 10:56:27,463 basehttp 161 "GET /static/js/common.js HTTP/1.1" 304 0
INFO 2021-08-21 10:56:27,466 basehttp 161 "GET /static/js/register.js HTTP/1.1" 200 4295
INFO 2021-08-21 10:56:27,467 basehttp 161 "GET /static/css/main.css HTTP/1.1" 304 0
INFO 2021-08-21 10:56:27,491 basehttp 161 "GET /static/images/icons02.png HTTP/1.1" 304 0
INFO 2021-08-21 10:56:29,073 basehttp 161 "GET /register/ HTTP/1.1" 200 3534
INFO 2021-08-21 10:56:29,097 basehttp 161 "GET /static/js/vue.cjs.js HTTP/1.1" 304 0
INFO 2021-08-21 10:56:29,102 basehttp 161 "GET /static/js/axios-0.18.0.min.js HTTP/1.1" 304 0
INFO 2021-08-21 10:56:29,103 basehttp 161 "GET /static/js/register.js HTTP/1.1" 304 0
INFO 2021-08-21 10:56:29,104 basehttp 161 "GET /static/js/common.js HTTP/1.1" 304 0
INFO 2021-08-21 10:56:32,593 basehttp 161 "GET /register/ HTTP/1.1" 200 3534
INFO 2021-08-21 10:56:32,620 basehttp 161 "GET /static/js/vue.cjs.js HTTP/1.1" 304 0
INFO 2021-08-21 10:56:32,622 basehttp 161 "GET /static/js/axios-0.18.0.min.js HTTP/1.1" 304 0
INFO 2021-08-21 10:56:32,622 basehttp 161 "GET /static/js/register.js HTTP/1.1" 304 0
INFO 2021-08-21 10:56:32,622 basehttp 161 "GET /static/js/common.js HTTP/1.1" 304 0
INFO 2021-08-21 10:56:33,291 basehttp 161 "GET /register/ HTTP/1.1" 200 3534
INFO 2021-08-21 10:56:33,320 basehttp 161 "GET /static/js/common.js HTTP/1.1" 304 0
INFO 2021-08-21 10:56:33,320 basehttp 161 "GET /static/js/axios-0.18.0.min.js HTTP/1.1" 304 0
INFO 2021-08-21 10:56:33,320 basehttp 161 "GET /static/js/vue.cjs.js HTTP/1.1" 304 0
INFO 2021-08-21 10:56:33,321 basehttp 161 "GET /static/js/register.js HTTP/1.1" 304 0
INFO 2021-08-21 10:56:47,875 basehttp 161 "GET /register/ HTTP/1.1" 200 3031
INFO 2021-08-21 10:56:47,904 basehttp 161 "GET /static/js/vue.cjs.js HTTP/1.1" 304 0
INFO 2021-08-21 10:56:47,905 basehttp 161 "GET /static/js/axios-0.18.0.min.js HTTP/1.1" 304 0
INFO 2021-08-21 10:56:49,022 basehttp 161 "GET /register/ HTTP/1.1" 200 3031
INFO 2021-08-21 10:56:49,047 basehttp 161 "GET /static/js/vue.cjs.js HTTP/1.1" 304 0
INFO 2021-08-21 10:56:49,049 basehttp 161 "GET /static/js/axios-0.18.0.min.js HTTP/1.1" 304 0
INFO 2021-08-21 10:57:17,840 basehttp 161 "GET /register/ HTTP/1.1" 200 2813
INFO 2021-08-21 10:57:17,865 basehttp 161 "GET /static/js/vue.cjs.js HTTP/1.1" 304 0
INFO 2021-08-21 10:57:29,488 basehttp 161 "GET /register/ HTTP/1.1" 200 2893
INFO 2021-08-21 10:57:29,510 basehttp 161 "GET /static/js/vue.cjs.js HTTP/1.1" 304 0
INFO 2021-08-21 10:57:29,513 basehttp 161 "GET /static/js/axios-0.18.0.min.js HTTP/1.1" 304 0
INFO 2021-08-21 10:57:30,268 basehttp 161 "GET /register/ HTTP/1.1" 200 2893
INFO 2021-08-21 10:57:30,292 basehttp 161 "GET /static/js/axios-0.18.0.min.js HTTP/1.1" 304 0
INFO 2021-08-21 10:57:30,292 basehttp 161 "GET /static/js/vue.cjs.js HTTP/1.1" 304 0
INFO 2021-08-21 10:57:46,765 basehttp 161 "GET /register/ HTTP/1.1" 200 2893
INFO 2021-08-21 10:57:46,787 basehttp 161 "GET /static/js/vue.cjs.js HTTP/1.1" 304 0
INFO 2021-08-21 10:57:46,788 basehttp 161 "GET /static/js/axios-0.18.0.min.js HTTP/1.1" 304 0
INFO 2021-08-21 10:57:47,494 basehttp 161 "GET /register/ HTTP/1.1" 200 2893
INFO 2021-08-21 10:57:47,518 basehttp 161 "GET /static/js/vue.cjs.js HTTP/1.1" 304 0
INFO 2021-08-21 10:57:47,519 basehttp 161 "GET /static/js/axios-0.18.0.min.js HTTP/1.1" 304 0
INFO 2021-08-21 10:57:48,047 basehttp 161 "GET /register/ HTTP/1.1" 200 2893
INFO 2021-08-21 10:57:48,069 basehttp 161 "GET /static/js/vue.cjs.js HTTP/1.1" 304 0
INFO 2021-08-21 10:57:48,070 basehttp 161 "GET /static/js/axios-0.18.0.min.js HTTP/1.1" 304 0
INFO 2021-08-21 10:57:48,541 basehttp 161 "GET /register/ HTTP/1.1" 200 2893
INFO 2021-08-21 10:57:48,564 basehttp 161 "GET /static/js/axios-0.18.0.min.js HTTP/1.1" 304 0
INFO 2021-08-21 10:57:48,565 basehttp 161 "GET /static/js/vue.cjs.js HTTP/1.1" 304 0
INFO 2021-08-21 10:58:03,373 basehttp 161 "GET /register/ HTTP/1.1" 200 2963
INFO 2021-08-21 10:58:03,391 basehttp 161 "GET /static/js/vue.cjs.js HTTP/1.1" 304 0
INFO 2021-08-21 10:58:03,392 basehttp 161 "GET /static/js/axios-0.18.0.min.js HTTP/1.1" 304 0
INFO 2021-08-21 10:58:52,518 basehttp 161 "GET /register/ HTTP/1.1" 200 3804
INFO 2021-08-21 10:58:52,543 basehttp 161 "GET /static/css/main.css HTTP/1.1" 304 0
INFO 2021-08-21 10:58:52,545 basehttp 161 "GET /static/js/axios-0.18.0.min.js HTTP/1.1" 304 0
INFO 2021-08-21 10:58:52,545 basehttp 161 "GET /static/js/common.js HTTP/1.1" 304 0
INFO 2021-08-21 10:58:52,554 basehttp 161 "GET /static/js/register.js HTTP/1.1" 304 0
INFO 2021-08-21 10:58:52,554 basehttp 161 "GET /static/js/vue-2.5.16.js HTTP/1.1" 200 289307
INFO 2021-08-21 10:58:52,559 basehttp 161 "GET /static/images/logo.png HTTP/1.1" 200 7450
INFO 2021-08-21 10:58:52,635 basehttp 161 "GET /static/images/interval_line.png HTTP/1.1" 304 0
INFO 2021-08-21 10:58:52,636 basehttp 161 "GET /static/images/register_banner.png HTTP/1.1" 304 0
INFO 2021-08-21 10:58:52,636 basehttp 161 "GET /static/images/icons02.png HTTP/1.1" 304 0
WARNING 2021-08-21 10:58:52,640 log 224 Not Found: /image_codes/bdd42ece-22c1-401e-8cfc-af5da882095f/
WARNING 2021-08-21 10:58:52,640 basehttp 161 "GET /image_codes/bdd42ece-22c1-401e-8cfc-af5da882095f/ HTTP/1.1" 404 2404
INFO 2021-08-21 10:58:57,138 basehttp 161 "GET /register/ HTTP/1.1" 200 3804
INFO 2021-08-21 10:58:57,166 basehttp 161 "GET /static/js/common.js HTTP/1.1" 304 0
INFO 2021-08-21 10:58:57,166 basehttp 161 "GET /static/js/axios-0.18.0.min.js HTTP/1.1" 304 0
INFO 2021-08-21 10:58:57,167 basehttp 161 "GET /static/js/vue-2.5.16.js HTTP/1.1" 304 0
INFO 2021-08-21 10:58:57,168 basehttp 161 "GET /static/js/register.js HTTP/1.1" 304 0
INFO 2021-08-21 10:58:57,192 basehttp 161 "GET /static/images/logo.png HTTP/1.1" 304 0
WARNING 2021-08-21 10:58:57,236 log 224 Not Found: /image_codes/7d93b360-5e26-42bc-a2e8-7e0c85fd9897/
WARNING 2021-08-21 10:58:57,237 basehttp 161 "GET /image_codes/7d93b360-5e26-42bc-a2e8-7e0c85fd9897/ HTTP/1.1" 404 2404
WARNING 2021-08-21 10:59:04,118 log 224 Not Found: /image_codes/a0ea02d4-479a-476a-9f4f-20dadaf788dc/
WARNING 2021-08-21 10:59:04,119 basehttp 161 "GET /image_codes/a0ea02d4-479a-476a-9f4f-20dadaf788dc/ HTTP/1.1" 404 2404
INFO 2021-08-21 10:59:05,446 basehttp 161 "GET /register/ HTTP/1.1" 200 3804
INFO 2021-08-21 10:59:05,475 basehttp 161 "GET /static/js/vue-2.5.16.js HTTP/1.1" 304 0
INFO 2021-08-21 10:59:05,477 basehttp 161 "GET /static/js/axios-0.18.0.min.js HTTP/1.1" 304 0
INFO 2021-08-21 10:59:05,477 basehttp 161 "GET /static/js/common.js HTTP/1.1" 304 0
INFO 2021-08-21 10:59:05,478 basehttp 161 "GET /static/js/register.js HTTP/1.1" 304 0
INFO 2021-08-21 10:59:05,512 basehttp 161 "GET /static/images/logo.png HTTP/1.1" 304 0
WARNING 2021-08-21 10:59:05,572 log 224 Not Found: /image_codes/611b10b0-221f-489b-ac28-401542c67d06/
WARNING 2021-08-21 10:59:05,573 basehttp 161 "GET /image_codes/611b10b0-221f-489b-ac28-401542c67d06/ HTTP/1.1" 404 2404
INFO 2021-08-21 10:59:42,193 autoreload 637 Watching for file changes with StatReloader
WARNING 2021-08-21 10:59:51,443 log 224 Not Found: /image_codes/681de03e-7acc-4dd6-8822-1aeb702c2556/
WARNING 2021-08-21 10:59:51,443 basehttp 161 "GET /image_codes/681de03e-7acc-4dd6-8822-1aeb702c2556/ HTTP/1.1" 404 2404
INFO 2021-08-21 10:59:53,689 basehttp 161 "GET /register/ HTTP/1.1" 200 3806
INFO 2021-08-21 10:59:53,709 basehttp 161 "GET /static/js/vue-2.5.16.js HTTP/1.1" 304 0
INFO 2021-08-21 10:59:53,712 basehttp 161 "GET /static/js/common.js HTTP/1.1" 304 0
INFO 2021-08-21 10:59:53,716 basehttp 161 "GET /static/js/axios-0.18.0.min.js HTTP/1.1" 304 0
INFO 2021-08-21 10:59:53,717 basehttp 161 "GET /static/js/register.js HTTP/1.1" 304 0
INFO 2021-08-21 10:59:53,746 basehttp 161 "GET /static/images/logo.png HTTP/1.1" 304 0
WARNING 2021-08-21 10:59:53,795 log 224 Not Found: /image_codes/abf0d42a-d000-4152-8b7e-a8d024dcea70/
WARNING 2021-08-21 10:59:53,796 basehttp 161 "GET /image_codes/abf0d42a-d000-4152-8b7e-a8d024dcea70/ HTTP/1.1" 404 2404
INFO 2021-08-21 10:59:54,812 basehttp 161 "GET /register/ HTTP/1.1" 200 3806
INFO 2021-08-21 10:59:54,841 basehttp 161 "GET /static/js/vue-2.5.16.js HTTP/1.1" 304 0
INFO 2021-08-21 10:59:54,842 basehttp 161 "GET /static/js/common.js HTTP/1.1" 304 0
INFO 2021-08-21 10:59:54,842 basehttp 161 "GET /static/js/axios-0.18.0.min.js HTTP/1.1" 304 0
INFO 2021-08-21 10:59:54,855 basehttp 161 "GET /static/js/register.js HTTP/1.1" 304 0
INFO 2021-08-21 10:59:54,878 basehttp 161 "GET /static/images/logo.png HTTP/1.1" 304 0
WARNING 2021-08-21 10:59:54,924 log 224 Not Found: /image_codes/d53880e4-a934-47e0-aad7-07bec0056280/
WARNING 2021-08-21 10:59:54,925 basehttp 161 "GET /image_codes/d53880e4-a934-47e0-aad7-07bec0056280/ HTTP/1.1" 404 2404
INFO 2021-08-21 10:59:55,403 basehttp 161 "GET /register/ HTTP/1.1" 200 3806
INFO 2021-08-21 10:59:55,427 basehttp 161 "GET /static/js/vue-2.5.16.js HTTP/1.1" 304 0
INFO 2021-08-21 10:59:55,429 basehttp 161 "GET /static/js/common.js HTTP/1.1" 304 0
INFO 2021-08-21 10:59:55,430 basehttp 161 "GET /static/js/register.js HTTP/1.1" 304 0
INFO 2021-08-21 10:59:55,431 basehttp 161 "GET /static/js/axios-0.18.0.min.js HTTP/1.1" 304 0
INFO 2021-08-21 10:59:55,453 basehttp 161 "GET /static/images/logo.png HTTP/1.1" 304 0
WARNING 2021-08-21 10:59:55,492 log 224 Not Found: /image_codes/2c70d739-2056-4b89-a4e5-1d29dae4a925/
WARNING 2021-08-21 10:59:55,493 basehttp 161 "GET /image_codes/2c70d739-2056-4b89-a4e5-1d29dae4a925/ HTTP/1.1" 404 2404
INFO 2021-08-21 11:00:15,436 basehttp 161 "GET /register/ HTTP/1.1" 200 3806
INFO 2021-08-21 11:00:18,815 basehttp 161 "GET /static/js/common.js HTTP/1.1" 200 891
INFO 2021-08-21 11:00:18,815 basehttp 161 "GET /static/css/main.css HTTP/1.1" 200 40091
INFO 2021-08-21 11:00:18,832 basehttp 161 "GET /static/js/register.js HTTP/1.1" 200 4295
INFO 2021-08-21 11:00:18,836 basehttp 161 "GET /static/css/reset.css HTTP/1.1" 200 638
INFO 2021-08-21 11:00:18,851 basehttp 161 "GET /static/js/vue-2.5.16.js HTTP/1.1" 200 289307
INFO 2021-08-21 11:00:18,861 basehttp 161 "GET /static/js/axios-0.18.0.min.js HTTP/1.1" 200 12941
INFO 2021-08-21 11:00:18,863 basehttp 161 "GET /static/images/logo.png HTTP/1.1" 200 7450
WARNING 2021-08-21 11:00:18,928 log 224 Not Found: /image_codes/5d2b525f-4b69-4bd9-a99a-cdb58b77aac1/
INFO 2021-08-21 11:00:18,929 basehttp 161 "GET /static/images/interval_line.png HTTP/1.1" 200 1123
WARNING 2021-08-21 11:00:18,930 basehttp 161 "GET /image_codes/5d2b525f-4b69-4bd9-a99a-cdb58b77aac1/ HTTP/1.1" 404 2404
INFO 2021-08-21 11:00:18,931 basehttp 161 "GET /static/images/register_banner.png HTTP/1.1" 200 54894
INFO 2021-08-21 11:00:18,931 basehttp 161 "GET /static/images/icons02.png HTTP/1.1" 200 3935
WARNING 2021-08-21 11:00:18,963 log 224 Not Found: /favicon.ico
WARNING 2021-08-21 11:00:18,964 basehttp 161 "GET /favicon.ico HTTP/1.1" 404 2290
WARNING 2021-08-21 11:00:23,134 log 224 Not Found: /image_codes/f846ac5e-bff4-46e6-b37f-d517bdf815e3/
WARNING 2021-08-21 11:00:23,135 basehttp 161 "GET /image_codes/f846ac5e-bff4-46e6-b37f-d517bdf815e3/ HTTP/1.1" 404 2404
WARNING 2021-08-21 11:00:23,776 log 224 Not Found: /image_codes/7952c711-cad8-4ac1-9a6b-ed63fcba3cb7/
WARNING 2021-08-21 11:00:23,776 basehttp 161 "GET /image_codes/7952c711-cad8-4ac1-9a6b-ed63fcba3cb7/ HTTP/1.1" 404 2404
INFO 2021-08-21 11:00:27,942 basehttp 161 "GET /register/ HTTP/1.1" 200 3806
INFO 2021-08-21 11:00:27,976 basehttp 161 "GET /static/js/common.js HTTP/1.1" 304 0
INFO 2021-08-21 11:00:27,976 basehttp 161 "GET /static/js/axios-0.18.0.min.js HTTP/1.1" 304 0
INFO 2021-08-21 11:00:27,977 basehttp 161 "GET /static/js/register.js HTTP/1.1" 304 0
INFO 2021-08-21 11:00:27,977 basehttp 161 "GET /static/js/vue-2.5.16.js HTTP/1.1" 304 0
INFO 2021-08-21 11:00:28,005 basehttp 161 "GET /static/images/logo.png HTTP/1.1" 304 0
WARNING 2021-08-21 11:00:28,052 log 224 Not Found: /image_codes/30f23742-8689-40d5-a6a7-7d230761b634/
WARNING 2021-08-21 11:00:28,053 basehttp 161 "GET /image_codes/30f23742-8689-40d5-a6a7-7d230761b634/ HTTP/1.1" 404 2404
INFO 2021-08-21 11:00:42,859 basehttp 161 "GET /register/ HTTP/1.1" 200 3806
INFO 2021-08-21 11:00:42,887 basehttp 161 "GET /static/js/common.js HTTP/1.1" 200 891
INFO 2021-08-21 11:00:42,890 basehttp 161 "GET /static/js/register.js HTTP/1.1" 200 4295
WARNING 2021-08-21 11:00:42,969 log 224 Not Found: /image_codes/1695e42b-46da-4270-9f5f-4512a2f92748/
WARNING 2021-08-21 11:00:42,970 basehttp 161 "GET /image_codes/1695e42b-46da-4270-9f5f-4512a2f92748/ HTTP/1.1" 404 2404
INFO 2021-08-21 11:00:44,029 basehttp 161 "GET /register/ HTTP/1.1" 200 3806
WARNING 2021-08-21 11:00:44,084 log 224 Not Found: /image_codes/d1cdbeeb-6c1c-4dca-93e3-9dfda663137c/
WARNING 2021-08-21 11:00:44,085 basehttp 161 "GET /image_codes/d1cdbeeb-6c1c-4dca-93e3-9dfda663137c/ HTTP/1.1" 404 2404
WARNING 2021-08-21 11:00:47,568 log 224 Not Found: /image_codes/8aa6f1e9-52fc-4062-9d1e-2de5c83f0996/
WARNING 2021-08-21 11:00:47,569 basehttp 161 "GET /image_codes/8aa6f1e9-52fc-4062-9d1e-2de5c83f0996/ HTTP/1.1" 404 2404
WARNING 2021-08-21 11:00:48,207 log 224 Not Found: /image_codes/766023cd-76e9-475c-8ccc-e8a14165b65c/
WARNING 2021-08-21 11:00:48,207 basehttp 161 "GET /image_codes/766023cd-76e9-475c-8ccc-e8a14165b65c/ HTTP/1.1" 404 2404
INFO 2021-08-21 11:00:49,568 basehttp 161 "GET /register/ HTTP/1.1" 200 3806
WARNING 2021-08-21 11:00:49,618 log 224 Not Found: /image_codes/6bd7938b-0622-4ab6-bbc9-5c4e3c9008b3/
WARNING 2021-08-21 11:00:49,619 basehttp 161 "GET /image_codes/6bd7938b-0622-4ab6-bbc9-5c4e3c9008b3/ HTTP/1.1" 404 2404
WARNING 2021-08-21 11:07:45,131 log 224 Not Found: /image_codes/88e71928-9d78-4745-a1cd-e39da272ffd6/
WARNING 2021-08-21 11:07:45,132 basehttp 161 "GET /image_codes/88e71928-9d78-4745-a1cd-e39da272ffd6/ HTTP/1.1" 404 2404
WARNING 2021-08-21 11:07:45,791 log 224 Not Found: /image_codes/6cb74247-eb12-4f10-9a46-515930e13071/
WARNING 2021-08-21 11:07:45,791 basehttp 161 "GET /image_codes/6cb74247-eb12-4f10-9a46-515930e13071/ HTTP/1.1" 404 2404
WARNING 2021-08-21 11:08:09,076 log 224 Not Found: /image_codes/5f6d2a5f-442b-44b4-acb7-d64e94b53305/
WARNING 2021-08-21 11:08:09,076 basehttp 161 "GET /image_codes/5f6d2a5f-442b-44b4-acb7-d64e94b53305/ HTTP/1.1" 404 2404
WARNING 2021-08-21 11:08:09,913 log 224 Not Found: /image_codes/518c1eac-7549-42ed-8e72-d39206526165/
WARNING 2021-08-21 11:08:09,913 basehttp 161 "GET /image_codes/518c1eac-7549-42ed-8e72-d39206526165/ HTTP/1.1" 404 2404
WARNING 2021-08-21 11:08:10,438 log 224 Not Found: /image_codes/c811a024-2138-4072-972d-d0bf515e4c06/
WARNING 2021-08-21 11:08:10,439 basehttp 161 "GET /image_codes/c811a024-2138-4072-972d-d0bf515e4c06/ HTTP/1.1" 404 2404
WARNING 2021-08-21 11:08:10,824 log 224 Not Found: /image_codes/e4a6d879-8550-4159-b6cf-5f330f5b7374/
WARNING 2021-08-21 11:08:10,825 basehttp 161 "GET /image_codes/e4a6d879-8550-4159-b6cf-5f330f5b7374/ HTTP/1.1" 404 2404
WARNING 2021-08-21 11:08:11,105 log 224 Not Found: /image_codes/013dbf0b-e531-459b-9594-4b99276db388/
WARNING 2021-08-21 11:08:11,105 basehttp 161 "GET /image_codes/013dbf0b-e531-459b-9594-4b99276db388/ HTTP/1.1" 404 2404
WARNING 2021-08-21 11:08:11,369 log 224 Not Found: /image_codes/a673b623-3ace-4b97-a48d-a5f8cf1ce2fc/
WARNING 2021-08-21 11:08:11,369 basehttp 161 "GET /image_codes/a673b623-3ace-4b97-a48d-a5f8cf1ce2fc/ HTTP/1.1" 404 2404
WARNING 2021-08-21 11:08:11,618 log 224 Not Found: /image_codes/9769f142-ec1e-4a17-8fd5-5b69731b2b5b/
WARNING 2021-08-21 11:08:11,619 basehttp 161 "GET /image_codes/9769f142-ec1e-4a17-8fd5-5b69731b2b5b/ HTTP/1.1" 404 2404
WARNING 2021-08-21 11:08:11,870 log 224 Not Found: /image_codes/529f211f-39af-408f-8183-b88cb16f4120/
WARNING 2021-08-21 11:08:11,870 basehttp 161 "GET /image_codes/529f211f-39af-408f-8183-b88cb16f4120/ HTTP/1.1" 404 2404
WARNING 2021-08-21 11:08:12,363 log 224 Not Found: /image_codes/ee790826-2334-4aff-b9d4-279338e258fe/
WARNING 2021-08-21 11:08:12,364 basehttp 161 "GET /image_codes/ee790826-2334-4aff-b9d4-279338e258fe/ HTTP/1.1" 404 2404
WARNING 2021-08-21 11:08:12,704 log 224 Not Found: /image_codes/6e4227b1-e2f5-47da-b6d5-8dba151b69f5/
WARNING 2021-08-21 11:08:12,704 basehttp 161 "GET /image_codes/6e4227b1-e2f5-47da-b6d5-8dba151b69f5/ HTTP/1.1" 404 2404
INFO 2021-08-21 11:08:30,994 basehttp 161 "GET /register/ HTTP/1.1" 200 3806
INFO 2021-08-21 11:08:51,804 basehttp 161 "GET /register/ HTTP/1.1" 200 3806
INFO 2021-08-21 11:08:51,836 basehttp 161 "GET /static/css/main.css HTTP/1.1" 304 0
INFO 2021-08-21 11:08:51,842 basehttp 161 "GET /static/js/axios-0.18.0.min.js HTTP/1.1" 304 0
INFO 2021-08-21 11:08:51,843 basehttp 161 "GET /static/js/common.js HTTP/1.1" 304 0
INFO 2021-08-21 11:08:51,843 basehttp 161 "GET /static/js/vue-2.5.16.js HTTP/1.1" 304 0
INFO 2021-08-21 11:08:51,855 basehttp 161 "GET /static/js/register.js HTTP/1.1" 304 0
INFO 2021-08-21 11:08:51,875 basehttp 161 "GET /static/images/logo.png HTTP/1.1" 304 0
INFO 2021-08-21 11:08:51,922 basehttp 161 "GET /static/images/interval_line.png HTTP/1.1" 304 0
INFO 2021-08-21 11:08:51,923 basehttp 161 "GET /static/images/register_banner.png HTTP/1.1" 304 0
INFO 2021-08-21 11:08:51,923 basehttp 161 "GET /static/images/icons02.png HTTP/1.1" 304 0
WARNING 2021-08-21 11:08:51,928 log 224 Not Found: /image_codes/39523f81-f069-4465-8e24-c051ee1c7315/
WARNING 2021-08-21 11:08:51,929 basehttp 161 "GET /image_codes/39523f81-f069-4465-8e24-c051ee1c7315/ HTTP/1.1" 404 2404
WARNING 2021-08-21 11:08:53,076 log 224 Not Found: /image_codes/f02fd24a-0108-43ae-b74c-8d195dca1530/
WARNING 2021-08-21 11:08:53,077 basehttp 161 "GET /image_codes/f02fd24a-0108-43ae-b74c-8d195dca1530/ HTTP/1.1" 404 2404
INFO 2021-08-21 11:10:13,243 basehttp 161 "GET /register/ HTTP/1.1" 200 3799
INFO 2021-08-21 11:10:13,271 basehttp 161 "GET /static/js/common.js HTTP/1.1" 304 0
INFO 2021-08-21 11:10:13,271 basehttp 161 "GET /static/js/vue-2.5.16.js HTTP/1.1" 304 0
INFO 2021-08-21 11:10:13,271 basehttp 161 "GET /static/js/register.js HTTP/1.1" 304 0
INFO 2021-08-21 11:10:13,272 basehttp 161 "GET /static/js/axios-0.18.0.min.js HTTP/1.1" 304 0
INFO 2021-08-21 11:10:13,300 basehttp 161 "GET /static/images/logo.png HTTP/1.1" 304 0
WARNING 2021-08-21 11:10:13,348 log 224 Not Found: /image_codes/87f0c9e6-0e46-4423-956d-66f6a81ed11e/
WARNING 2021-08-21 11:10:13,349 basehttp 161 "GET /image_codes/87f0c9e6-0e46-4423-956d-66f6a81ed11e/ HTTP/1.1" 404 2404
INFO 2021-08-21 11:10:14,041 basehttp 161 "GET /register/ HTTP/1.1" 200 3799
INFO 2021-08-21 11:10:14,069 basehttp 161 "GET /static/js/vue-2.5.16.js HTTP/1.1" 304 0
INFO 2021-08-21 11:10:14,070 basehttp 161 "GET /static/js/common.js HTTP/1.1" 304 0
INFO 2021-08-21 11:10:14,070 basehttp 161 "GET /static/js/register.js HTTP/1.1" 304 0
INFO 2021-08-21 11:10:14,071 basehttp 161 "GET /static/js/axios-0.18.0.min.js HTTP/1.1" 304 0
INFO 2021-08-21 11:10:14,088 basehttp 161 "GET /static/images/logo.png HTTP/1.1" 304 0
WARNING 2021-08-21 11:10:14,123 log 224 Not Found: /image_codes/4d05c9c2-1be3-4a0e-be91-a517b7472e0f/
WARNING 2021-08-21 11:10:14,124 basehttp 161 "GET /image_codes/4d05c9c2-1be3-4a0e-be91-a517b7472e0f/ HTTP/1.1" 404 2404
INFO 2021-08-21 11:10:14,675 basehttp 161 "GET /register/ HTTP/1.1" 200 3799
INFO 2021-08-21 11:10:14,709 basehttp 161 "GET /static/js/axios-0.18.0.min.js HTTP/1.1" 304 0
INFO 2021-08-21 11:10:14,709 basehttp 161 "GET /static/js/vue-2.5.16.js HTTP/1.1" 304 0
INFO 2021-08-21 11:10:14,709 basehttp 161 "GET /static/js/common.js HTTP/1.1" 304 0
INFO 2021-08-21 11:10:14,710 basehttp 161 "GET /static/js/register.js HTTP/1.1" 304 0
INFO 2021-08-21 11:10:14,734 basehttp 161 "GET /static/images/logo.png HTTP/1.1" 304 0
WARNING 2021-08-21 11:10:14,775 log 224 Not Found: /image_codes/4ef4c6e2-1c6c-47ba-a703-ba9d476f29d3/
WARNING 2021-08-21 11:10:14,776 basehttp 161 "GET /image_codes/4ef4c6e2-1c6c-47ba-a703-ba9d476f29d3/ HTTP/1.1" 404 2404
WARNING 2021-08-21 11:10:16,096 log 224 Not Found: /image_codes/9b0ff31f-faba-4aa8-bdd7-6095253ce5db/
WARNING 2021-08-21 11:10:16,097 basehttp 161 "GET /image_codes/9b0ff31f-faba-4aa8-bdd7-6095253ce5db/ HTTP/1.1" 404 2404
WARNING 2021-08-21 11:10:16,680 log 224 Not Found: /image_codes/258f1b93-2117-4040-aab2-607733fd295a/
WARNING 2021-08-21 11:10:16,681 basehttp 161 "GET /image_codes/258f1b93-2117-4040-aab2-607733fd295a/ HTTP/1.1" 404 2404
WARNING 2021-08-21 11:10:18,746 log 224 Not Found: /image_codes/1e0bf68a-0a63-4f26-b89c-d56b1e9f5acb/
WARNING 2021-08-21 11:10:18,747 basehttp 161 "GET /image_codes/1e0bf68a-0a63-4f26-b89c-d56b1e9f5acb/ HTTP/1.1" 404 2404
INFO 2021-08-21 11:10:49,347 basehttp 161 "GET /register/ HTTP/1.1" 200 3799
INFO 2021-08-21 11:10:49,391 basehttp 161 "GET /static/css/reset.css HTTP/1.1" 200 638
INFO 2021-08-21 11:10:49,398 basehttp 161 "GET /static/css/main.css HTTP/1.1" 200 40091
INFO 2021-08-21 11:10:49,408 basehttp 161 "GET /static/js/vue-2.5.16.js HTTP/1.1" 200 289307
INFO 2021-08-21 11:10:49,422 basehttp 161 "GET /static/images/logo.png HTTP/1.1" 200 7450
INFO 2021-08-21 11:10:49,422 basehttp 161 "GET /static/js/axios-0.18.0.min.js HTTP/1.1" 200 12941
INFO 2021-08-21 11:10:49,423 basehttp 161 "GET /static/js/register.js HTTP/1.1" 200 4295
INFO 2021-08-21 11:10:49,424 basehttp 161 "GET /static/js/common.js HTTP/1.1" 200 891
INFO 2021-08-21 11:10:49,488 basehttp 161 "GET /static/images/icons02.png HTTP/1.1" 200 3935
INFO 2021-08-21 11:10:49,489 basehttp 161 "GET /static/images/register_banner.png HTTP/1.1" 200 54894
WARNING 2021-08-21 11:10:49,492 log 224 Not Found: /image_codes/203a2d9f-9db0-4f20-8cf3-cb17a963195e/
INFO 2021-08-21 11:10:49,492 basehttp 161 "GET /static/images/interval_line.png HTTP/1.1" 200 1123
WARNING 2021-08-21 11:10:49,494 basehttp 161 "GET /image_codes/203a2d9f-9db0-4f20-8cf3-cb17a963195e/ HTTP/1.1" 404 2404
WARNING 2021-08-21 11:10:49,524 log 224 Not Found: /favicon.ico
WARNING 2021-08-21 11:10:49,525 basehttp 161 "GET /favicon.ico HTTP/1.1" 404 2290
WARNING 2021-08-21 11:10:53,171 log 224 Not Found: /register/login.html
WARNING 2021-08-21 11:10:53,172 basehttp 161 "GET /register/login.html HTTP/1.1" 404 2314
INFO 2021-08-21 11:10:54,755 basehttp 161 "GET /register/ HTTP/1.1" 200 3799
WARNING 2021-08-21 11:10:54,881 log 224 Not Found: /image_codes/8196f399-48d5-4b1a-926d-ac74784e39df/
WARNING 2021-08-21 11:10:54,882 basehttp 161 "GET /image_codes/8196f399-48d5-4b1a-926d-ac74784e39df/ HTTP/1.1" 404 2404
INFO 2021-08-21 11:11:06,638 autoreload 637 Watching for file changes with StatReloader
INFO 2021-08-21 11:11:11,343 basehttp 161 "GET /register/ HTTP/1.1" 200 3799
INFO 2021-08-21 11:11:11,377 basehttp 161 "GET /static/js/vue-2.5.16.js HTTP/1.1" 304 0
INFO 2021-08-21 11:11:11,381 basehttp 161 "GET /static/js/axios-0.18.0.min.js HTTP/1.1" 304 0
INFO 2021-08-21 11:11:11,383 basehttp 161 "GET /static/js/common.js HTTP/1.1" 304 0
INFO 2021-08-21 11:11:11,384 basehttp 161 "GET /static/js/register.js HTTP/1.1" 304 0
INFO 2021-08-21 11:11:11,404 basehttp 161 "GET /static/images/logo.png HTTP/1.1" 304 0
WARNING 2021-08-21 11:11:11,463 log 224 Not Found: /image_codes/e291e34c-14a2-48ae-a66a-10f52a75db13/
WARNING 2021-08-21 11:11:11,464 basehttp 161 "GET /image_codes/e291e34c-14a2-48ae-a66a-10f52a75db13/ HTTP/1.1" 404 2404
INFO 2021-08-21 11:11:12,457 basehttp 161 "GET /register/ HTTP/1.1" 200 3799
INFO 2021-08-21 11:11:12,486 basehttp 161 "GET /static/js/vue-2.5.16.js HTTP/1.1" 304 0
INFO 2021-08-21 11:11:12,488 basehttp 161 "GET /static/js/axios-0.18.0.min.js HTTP/1.1" 304 0
INFO 2021-08-21 11:11:12,489 basehttp 161 "GET /static/js/common.js HTTP/1.1" 304 0
INFO 2021-08-21 11:11:12,489 basehttp 161 "GET /static/js/register.js HTTP/1.1" 304 0
INFO 2021-08-21 11:11:12,515 basehttp 161 "GET /static/images/logo.png HTTP/1.1" 304 0
WARNING 2021-08-21 11:11:12,567 log 224 Not Found: /image_codes/edf829d3-3468-4060-afe4-b24b3ad114a2/
WARNING 2021-08-21 11:11:12,567 basehttp 161 "GET /image_codes/edf829d3-3468-4060-afe4-b24b3ad114a2/ HTTP/1.1" 404 2404
WARNING 2021-08-21 11:11:13,718 log 224 Not Found: /image_codes/7eede89b-79e9-466d-ab1d-e8da93a7bf03/
WARNING 2021-08-21 11:11:13,719 basehttp 161 "GET /image_codes/7eede89b-79e9-466d-ab1d-e8da93a7bf03/ HTTP/1.1" 404 2404
WARNING 2021-08-21 11:11:14,257 log 224 Not Found: /image_codes/c07c2b7f-990e-45c6-a08d-05918f3d09a2/
WARNING 2021-08-21 11:11:14,258 basehttp 161 "GET /image_codes/c07c2b7f-990e-45c6-a08d-05918f3d09a2/ HTTP/1.1" 404 2404
INFO 2021-08-21 11:16:16,833 autoreload 637 Watching for file changes with StatReloader
INFO 2021-08-21 11:17:44,597 autoreload 637 Watching for file changes with StatReloader
WARNING 2021-08-21 11:17:47,792 log 224 Not Found: /
WARNING 2021-08-21 11:17:47,792 basehttp 161 "GET / HTTP/1.1" 404 2416
INFO 2021-08-21 11:19:52,283 autoreload 637 Watching for file changes with StatReloader
WARNING 2021-08-21 11:19:55,560 log 224 Not Found: /
WARNING 2021-08-21 11:19:55,561 basehttp 161 "GET / HTTP/1.1" 404 2340
INFO 2021-08-21 11:21:06,177 autoreload 637 Watching for file changes with StatReloader
INFO 2021-08-21 11:21:08,642 basehttp 161 "GET / HTTP/1.1" 200 3806
WARNING 2021-08-21 11:21:08,793 log 224 Not Found: /image_codes/1fe727c5-ef34-46fa-a105-3c4aaea06d47/
WARNING 2021-08-21 11:21:08,794 basehttp 161 "GET /image_codes/1fe727c5-ef34-46fa-a105-3c4aaea06d47/ HTTP/1.1" 404 2523
INFO 2021-08-21 11:21:46,306 autoreload 251 D:\meiduo_mall\meiduo_mall\urls.py changed, reloading.
INFO 2021-08-21 11:21:47,522 autoreload 637 Watching for file changes with StatReloader
INFO 2021-08-21 11:21:59,239 basehttp 161 "GET / HTTP/1.1" 200 3806
WARNING 2021-08-21 11:21:59,382 log 224 Not Found: /image_codes/4b2853b9-7c7f-46a8-a9f8-ab3d91640b4d/
WARNING 2021-08-21 11:21:59,382 basehttp 161 "GET /image_codes/4b2853b9-7c7f-46a8-a9f8-ab3d91640b4d/ HTTP/1.1" 404 2523
